04-Oct-2023 14:25:09.228 INFO [main] org.apache.catalina.startup.VersionLoggerListener.log Server version:        Apache Tomcat/8.0.26
04-Oct-2023 14:25:09.385 INFO [main] org.apache.catalina.startup.VersionLoggerListener.log Server built:          Aug 18 2015 11:38:37 UTC
04-Oct-2023 14:25:09.386 INFO [main] org.apache.catalina.startup.VersionLoggerListener.log Server number:         8.0.26.0
04-Oct-2023 14:25:09.387 INFO [main] org.apache.catalina.startup.VersionLoggerListener.log OS Name:               Linux
04-Oct-2023 14:25:09.388 INFO [main] org.apache.catalina.startup.VersionLoggerListener.log OS Version:            4.18.0-383.el8.x86_64
04-Oct-2023 14:25:09.389 INFO [main] org.apache.catalina.startup.VersionLoggerListener.log Architecture:          amd64
04-Oct-2023 14:25:09.391 INFO [main] org.apache.catalina.startup.VersionLoggerListener.log Java Home:             /usr/java/jdk1.8.0_202-amd64/jre
04-Oct-2023 14:25:09.392 INFO [main] org.apache.catalina.startup.VersionLoggerListener.log JVM Version:           1.8.0_202-b08
04-Oct-2023 14:25:09.392 INFO [main] org.apache.catalina.startup.VersionLoggerListener.log JVM Vendor:            Oracle Corporation
04-Oct-2023 14:25:09.393 INFO [main] org.apache.catalina.startup.VersionLoggerListener.log CATALINA_BASE:         /root/sumauma-siprec-server
04-Oct-2023 14:25:09.394 INFO [main] org.apache.catalina.startup.VersionLoggerListener.log CATALINA_HOME:         /root/sumauma-siprec-server
04-Oct-2023 14:25:09.395 INFO [main] org.apache.catalina.startup.VersionLoggerListener.log Command line argument: -Djava.util.logging.config.file=/root/sumauma-siprec-server/conf/logging.properties
04-Oct-2023 14:25:09.396 INFO [main] org.apache.catalina.startup.VersionLoggerListener.log Command line argument: -Djava.util.logging.manager=org.apache.juli.ClassLoaderLogManager
04-Oct-2023 14:25:09.397 INFO [main] org.apache.catalina.startup.VersionLoggerListener.log Command line argument: -Djava.endorsed.dirs=/root/sumauma-siprec-server/endorsed
04-Oct-2023 14:25:09.398 INFO [main] org.apache.catalina.startup.VersionLoggerListener.log Command line argument: -Dcatalina.base=/root/sumauma-siprec-server
04-Oct-2023 14:25:09.399 INFO [main] org.apache.catalina.startup.VersionLoggerListener.log Command line argument: -Dcatalina.home=/root/sumauma-siprec-server
04-Oct-2023 14:25:09.399 INFO [main] org.apache.catalina.startup.VersionLoggerListener.log Command line argument: -Djava.io.tmpdir=/root/sumauma-siprec-server/temp
04-Oct-2023 14:25:09.400 INFO [main] org.apache.catalina.core.AprLifecycleListener.lifecycleEvent The APR based Apache Tomcat Native library which allows optimal performance in production environments was not found on the java.library.path: /usr/java/packages/lib/amd64:/usr/lib64:/lib64:/lib:/usr/lib
04-Oct-2023 14:25:11.943 INFO [main] org.apache.coyote.AbstractProtocol.init Initializing ProtocolHandler ["http-nio-8080"]
04-Oct-2023 14:25:12.217 INFO [main] org.apache.tomcat.util.net.NioSelectorPool.getSharedSelector Using a shared selector for servlet write/read
04-Oct-2023 14:25:12.248 INFO [main] org.apache.coyote.AbstractProtocol.init Initializing ProtocolHandler ["ajp-nio-8009"]
04-Oct-2023 14:25:12.284 INFO [main] org.apache.tomcat.util.net.NioSelectorPool.getSharedSelector Using a shared selector for servlet write/read
04-Oct-2023 14:25:13.385 INFO [main] org.apache.catalina.startup.Catalina.load Initialization processed in 7843 ms
04-Oct-2023 14:25:13.613 INFO [main] org.apache.catalina.core.StandardService.startInternal Starting service Sip-Servlets
04-Oct-2023 14:25:13.615 INFO [main] org.apache.catalina.core.StandardEngine.startInternal Starting Servlet Engine: Apache Tomcat/8.0.26
04-Oct-2023 14:25:13.979 INFO [localhost-startStop-1] org.apache.catalina.startup.HostConfig.deployWAR Deploying web application archive /root/sumauma-siprec-server/webapps/websockets-sip-servlet.war
04-Oct-2023 14:25:14.246 INFO [localhost-startStop-1] org.apache.catalina.util.LifecycleBase.start The start() method was called on component [org.apache.catalina.deploy.NamingResourcesImpl@172128f6] after start() had already been called. The second call will be ignored.
04-Oct-2023 14:25:14.416 INFO [localhost-startStop-1] org.apache.catalina.util.LifecycleBase.start The start() method was called on component [org.apache.catalina.deploy.NamingResourcesImpl@172128f6] after start() had already been called. The second call will be ignored.
04-Oct-2023 14:25:14.433 INFO [localhost-startStop-1] org.apache.catalina.util.LifecycleBase.start The start() method was called on component [WebappLoader[/websockets-sip-servlet]] after start() had already been called. The second call will be ignored.
04-Oct-2023 14:25:16.717 INFO [localhost-startStop-1] org.apache.jasper.servlet.TldScanner.scanJars At least one JAR was scanned for TLDs yet contained no TLDs. Enable debug logging for this logger for a complete list of JARs that were scanned but no TLDs were found in them. Skipping unneeded JARs during scanning can improve startup time and JSP compilation time.
04-Oct-2023 14:25:17.089 INFO [localhost-startStop-1] org.apache.catalina.startup.HostConfig.deployWAR Deployment of web application archive /root/sumauma-siprec-server/webapps/websockets-sip-servlet.war has finished in 3,099 ms
04-Oct-2023 14:25:17.145 INFO [localhost-startStop-1] org.apache.catalina.startup.HostConfig.deployWAR Deploying web application archive /root/sumauma-siprec-server/webapps/orktrack.war
04-Oct-2023 14:25:17.230 INFO [localhost-startStop-1] org.apache.catalina.util.LifecycleBase.start The start() method was called on component [org.apache.catalina.deploy.NamingResourcesImpl@723e33ec] after start() had already been called. The second call will be ignored.
04-Oct-2023 14:25:17.530 INFO [localhost-startStop-1] org.apache.catalina.util.LifecycleBase.start The start() method was called on component [org.apache.catalina.deploy.NamingResourcesImpl@723e33ec] after start() had already been called. The second call will be ignored.
04-Oct-2023 14:25:17.532 INFO [localhost-startStop-1] org.apache.catalina.util.LifecycleBase.start The start() method was called on component [WebappLoader[/orktrack]] after start() had already been called. The second call will be ignored.
04-Oct-2023 14:25:23.217 INFO [localhost-startStop-1] org.apache.jasper.servlet.TldScanner.scanJars At least one JAR was scanned for TLDs yet contained no TLDs. Enable debug logging for this logger for a complete list of JARs that were scanned but no TLDs were found in them. Skipping unneeded JARs during scanning can improve startup time and JSP compilation time.
04-Oct-2023 14:25:23.314 INFO [localhost-startStop-1] org.apache.catalina.startup.HostConfig.deployWAR Deployment of web application archive /root/sumauma-siprec-server/webapps/orktrack.war has finished in 6,168 ms
04-Oct-2023 14:25:23.327 INFO [localhost-startStop-1] org.apache.catalina.startup.HostConfig.deployWAR Deploying web application archive /root/sumauma-siprec-server/webapps/jolokia.war
04-Oct-2023 14:25:24.162 INFO [localhost-startStop-1] org.apache.jasper.servlet.TldScanner.scanJars At least one JAR was scanned for TLDs yet contained no TLDs. Enable debug logging for this logger for a complete list of JARs that were scanned but no TLDs were found in them. Skipping unneeded JARs during scanning can improve startup time and JSP compilation time.
04-Oct-2023 14:25:24.170 INFO [localhost-startStop-1] org.apache.catalina.core.ApplicationContext.log jolokia-agent: No access restrictor found at classpath:/jolokia-access.xml, access to all MBeans is allowed
04-Oct-2023 14:25:24.383 INFO [localhost-startStop-1] org.apache.catalina.startup.HostConfig.deployWAR Deployment of web application archive /root/sumauma-siprec-server/webapps/jolokia.war has finished in 1,057 ms
04-Oct-2023 14:25:24.384 INFO [localhost-startStop-1] org.apache.catalina.startup.HostConfig.deployWAR Deploying web application archive /root/sumauma-siprec-server/webapps/sip-servlets-management.war
04-Oct-2023 14:25:25.077 INFO [localhost-startStop-1] org.apache.jasper.servlet.TldScanner.scanJars At least one JAR was scanned for TLDs yet contained no TLDs. Enable debug logging for this logger for a complete list of JARs that were scanned but no TLDs were found in them. Skipping unneeded JARs during scanning can improve startup time and JSP compilation time.
04-Oct-2023 14:25:25.081 INFO [localhost-startStop-1] org.apache.catalina.startup.HostConfig.deployWAR Deployment of web application archive /root/sumauma-siprec-server/webapps/sip-servlets-management.war has finished in 697 ms
04-Oct-2023 14:25:25.110 INFO [localhost-startStop-1] org.apache.catalina.startup.HostConfig.deployDirectory Deploying web application directory /root/sumauma-siprec-server/webapps/ROOT
04-Oct-2023 14:25:25.894 INFO [localhost-startStop-1] org.apache.jasper.servlet.TldScanner.scanJars At least one JAR was scanned for TLDs yet contained no TLDs. Enable debug logging for this logger for a complete list of JARs that were scanned but no TLDs were found in them. Skipping unneeded JARs during scanning can improve startup time and JSP compilation time.
04-Oct-2023 14:25:25.962 INFO [localhost-startStop-1] org.apache.catalina.startup.HostConfig.deployDirectory Deployment of web application directory /root/sumauma-siprec-server/webapps/ROOT has finished in 852 ms
04-Oct-2023 14:25:26.052 INFO [localhost-startStop-1] org.apache.catalina.startup.HostConfig.deployDirectory Deploying web application directory /root/sumauma-siprec-server/webapps/docs
04-Oct-2023 14:25:26.683 INFO [localhost-startStop-1] org.apache.jasper.servlet.TldScanner.scanJars At least one JAR was scanned for TLDs yet contained no TLDs. Enable debug logging for this logger for a complete list of JARs that were scanned but no TLDs were found in them. Skipping unneeded JARs during scanning can improve startup time and JSP compilation time.
04-Oct-2023 14:25:26.686 INFO [localhost-startStop-1] org.apache.catalina.startup.HostConfig.deployDirectory Deployment of web application directory /root/sumauma-siprec-server/webapps/docs has finished in 635 ms
04-Oct-2023 14:25:26.953 INFO [localhost-startStop-1] org.apache.catalina.startup.HostConfig.deployDirectory Deploying web application directory /root/sumauma-siprec-server/webapps/examples
04-Oct-2023 14:25:28.975 INFO [localhost-startStop-1] org.apache.jasper.servlet.TldScanner.scanJars At least one JAR was scanned for TLDs yet contained no TLDs. Enable debug logging for this logger for a complete list of JARs that were scanned but no TLDs were found in them. Skipping unneeded JARs during scanning can improve startup time and JSP compilation time.
04-Oct-2023 14:25:29.135 INFO [localhost-startStop-1] org.apache.catalina.core.ApplicationContext.log ContextListener: contextInitialized()
04-Oct-2023 14:25:29.136 INFO [localhost-startStop-1] org.apache.catalina.core.ApplicationContext.log SessionListener: contextInitialized()
04-Oct-2023 14:25:29.202 INFO [localhost-startStop-1] org.apache.catalina.startup.HostConfig.deployDirectory Deployment of web application directory /root/sumauma-siprec-server/webapps/examples has finished in 2,249 ms
04-Oct-2023 14:25:29.204 INFO [localhost-startStop-1] org.apache.catalina.startup.HostConfig.deployDirectory Deploying web application directory /root/sumauma-siprec-server/webapps/host-manager
04-Oct-2023 14:25:29.859 INFO [localhost-startStop-1] org.apache.jasper.servlet.TldScanner.scanJars At least one JAR was scanned for TLDs yet contained no TLDs. Enable debug logging for this logger for a complete list of JARs that were scanned but no TLDs were found in them. Skipping unneeded JARs during scanning can improve startup time and JSP compilation time.
04-Oct-2023 14:25:29.863 INFO [localhost-startStop-1] org.apache.catalina.startup.HostConfig.deployDirectory Deployment of web application directory /root/sumauma-siprec-server/webapps/host-manager has finished in 659 ms
04-Oct-2023 14:25:29.876 INFO [localhost-startStop-1] org.apache.catalina.startup.HostConfig.deployDirectory Deploying web application directory /root/sumauma-siprec-server/webapps/manager
04-Oct-2023 14:25:30.478 INFO [localhost-startStop-1] org.apache.jasper.servlet.TldScanner.scanJars At least one JAR was scanned for TLDs yet contained no TLDs. Enable debug logging for this logger for a complete list of JARs that were scanned but no TLDs were found in them. Skipping unneeded JARs during scanning can improve startup time and JSP compilation time.
04-Oct-2023 14:25:30.480 INFO [localhost-startStop-1] org.apache.catalina.startup.HostConfig.deployDirectory Deployment of web application directory /root/sumauma-siprec-server/webapps/manager has finished in 604 ms
04-Oct-2023 14:25:30.524 INFO [main] org.apache.coyote.AbstractProtocol.start Starting ProtocolHandler ["http-nio-8080"]
04-Oct-2023 14:25:30.684 INFO [main] org.apache.coyote.AbstractProtocol.start Starting ProtocolHandler ["ajp-nio-8009"]
04-Oct-2023 14:25:32.406 INFO [main] org.apache.catalina.startup.Catalina.start Server startup in 19020 ms
04-Oct-2023 15:16:56.051 INFO [http-nio-8080-exec-9] org.apache.coyote.http11.AbstractHttp11Processor.process Error parsing HTTP request header
 Note: further occurrences of HTTP header parsing errors will be logged at DEBUG level.
