22-Sep-2023 15:40:27.390 INFO [main] org.apache.catalina.startup.VersionLoggerListener.log Server version:        Apache Tomcat/8.0.26
22-Sep-2023 15:40:27.576 INFO [main] org.apache.catalina.startup.VersionLoggerListener.log Server built:          Aug 18 2015 11:38:37 UTC
22-Sep-2023 15:40:27.577 INFO [main] org.apache.catalina.startup.VersionLoggerListener.log Server number:         8.0.26.0
22-Sep-2023 15:40:27.577 INFO [main] org.apache.catalina.startup.VersionLoggerListener.log OS Name:               Linux
22-Sep-2023 15:40:27.578 INFO [main] org.apache.catalina.startup.VersionLoggerListener.log OS Version:            4.18.0-383.el8.x86_64
22-Sep-2023 15:40:27.579 INFO [main] org.apache.catalina.startup.VersionLoggerListener.log Architecture:          amd64
22-Sep-2023 15:40:27.580 INFO [main] org.apache.catalina.startup.VersionLoggerListener.log Java Home:             /usr/java/jdk1.8.0_202-amd64/jre
22-Sep-2023 15:40:27.580 INFO [main] org.apache.catalina.startup.VersionLoggerListener.log JVM Version:           1.8.0_202-b08
22-Sep-2023 15:40:27.581 INFO [main] org.apache.catalina.startup.VersionLoggerListener.log JVM Vendor:            Oracle Corporation
22-Sep-2023 15:40:27.582 INFO [main] org.apache.catalina.startup.VersionLoggerListener.log CATALINA_BASE:         /root/sumauma-siprec-server
22-Sep-2023 15:40:27.582 INFO [main] org.apache.catalina.startup.VersionLoggerListener.log CATALINA_HOME:         /root/sumauma-siprec-server
22-Sep-2023 15:40:27.583 INFO [main] org.apache.catalina.startup.VersionLoggerListener.log Command line argument: -Djava.util.logging.config.file=/root/sumauma-siprec-server/conf/logging.properties
22-Sep-2023 15:40:27.584 INFO [main] org.apache.catalina.startup.VersionLoggerListener.log Command line argument: -Djava.util.logging.manager=org.apache.juli.ClassLoaderLogManager
22-Sep-2023 15:40:27.584 INFO [main] org.apache.catalina.startup.VersionLoggerListener.log Command line argument: -Djava.endorsed.dirs=/root/sumauma-siprec-server/endorsed
22-Sep-2023 15:40:27.585 INFO [main] org.apache.catalina.startup.VersionLoggerListener.log Command line argument: -Dcatalina.base=/root/sumauma-siprec-server
22-Sep-2023 15:40:27.586 INFO [main] org.apache.catalina.startup.VersionLoggerListener.log Command line argument: -Dcatalina.home=/root/sumauma-siprec-server
22-Sep-2023 15:40:27.587 INFO [main] org.apache.catalina.startup.VersionLoggerListener.log Command line argument: -Djava.io.tmpdir=/root/sumauma-siprec-server/temp
22-Sep-2023 15:40:27.596 INFO [main] org.apache.catalina.core.AprLifecycleListener.lifecycleEvent The APR based Apache Tomcat Native library which allows optimal performance in production environments was not found on the java.library.path: /usr/java/packages/lib/amd64:/usr/lib64:/lib64:/lib:/usr/lib
22-Sep-2023 15:40:29.636 INFO [main] org.apache.coyote.AbstractProtocol.init Initializing ProtocolHandler ["http-nio-8080"]
22-Sep-2023 15:40:29.825 INFO [main] org.apache.tomcat.util.net.NioSelectorPool.getSharedSelector Using a shared selector for servlet write/read
22-Sep-2023 15:40:29.828 INFO [main] org.apache.coyote.AbstractProtocol.init Initializing ProtocolHandler ["ajp-nio-8009"]
22-Sep-2023 15:40:29.832 INFO [main] org.apache.tomcat.util.net.NioSelectorPool.getSharedSelector Using a shared selector for servlet write/read
22-Sep-2023 15:40:30.486 INFO [main] org.apache.catalina.startup.Catalina.load Initialization processed in 5563 ms
22-Sep-2023 15:40:30.543 INFO [main] org.apache.catalina.core.StandardService.startInternal Starting service Sip-Servlets
22-Sep-2023 15:40:30.544 INFO [main] org.apache.catalina.core.StandardEngine.startInternal Starting Servlet Engine: Apache Tomcat/8.0.26
22-Sep-2023 15:40:30.815 INFO [localhost-startStop-1] org.apache.catalina.startup.HostConfig.deployWAR Deploying web application archive /root/sumauma-siprec-server/webapps/websockets-sip-servlet.war
22-Sep-2023 15:40:31.049 INFO [localhost-startStop-1] org.apache.catalina.util.LifecycleBase.start The start() method was called on component [org.apache.catalina.deploy.NamingResourcesImpl@38646bf2] after start() had already been called. The second call will be ignored.
22-Sep-2023 15:40:31.225 INFO [localhost-startStop-1] org.apache.catalina.util.LifecycleBase.start The start() method was called on component [org.apache.catalina.deploy.NamingResourcesImpl@38646bf2] after start() had already been called. The second call will be ignored.
22-Sep-2023 15:40:31.245 INFO [localhost-startStop-1] org.apache.catalina.util.LifecycleBase.start The start() method was called on component [WebappLoader[/websockets-sip-servlet]] after start() had already been called. The second call will be ignored.
22-Sep-2023 15:40:32.501 INFO [localhost-startStop-1] org.apache.jasper.servlet.TldScanner.scanJars At least one JAR was scanned for TLDs yet contained no TLDs. Enable debug logging for this logger for a complete list of JARs that were scanned but no TLDs were found in them. Skipping unneeded JARs during scanning can improve startup time and JSP compilation time.
22-Sep-2023 15:40:32.786 INFO [localhost-startStop-1] org.apache.catalina.startup.HostConfig.deployWAR Deployment of web application archive /root/sumauma-siprec-server/webapps/websockets-sip-servlet.war has finished in 1,969 ms
22-Sep-2023 15:40:32.843 INFO [localhost-startStop-1] org.apache.catalina.startup.HostConfig.deployWAR Deploying web application archive /root/sumauma-siprec-server/webapps/orktrack.war
22-Sep-2023 15:40:32.873 INFO [localhost-startStop-1] org.apache.catalina.util.LifecycleBase.start The start() method was called on component [org.apache.catalina.deploy.NamingResourcesImpl@74f6f56f] after start() had already been called. The second call will be ignored.
22-Sep-2023 15:40:33.060 INFO [localhost-startStop-1] org.apache.catalina.util.LifecycleBase.start The start() method was called on component [org.apache.catalina.deploy.NamingResourcesImpl@74f6f56f] after start() had already been called. The second call will be ignored.
22-Sep-2023 15:40:33.061 INFO [localhost-startStop-1] org.apache.catalina.util.LifecycleBase.start The start() method was called on component [WebappLoader[/orktrack]] after start() had already been called. The second call will be ignored.
22-Sep-2023 15:40:37.419 INFO [localhost-startStop-1] org.apache.jasper.servlet.TldScanner.scanJars At least one JAR was scanned for TLDs yet contained no TLDs. Enable debug logging for this logger for a complete list of JARs that were scanned but no TLDs were found in them. Skipping unneeded JARs during scanning can improve startup time and JSP compilation time.
22-Sep-2023 15:40:38.044 INFO [localhost-startStop-1] org.apache.catalina.startup.HostConfig.deployWAR Deployment of web application archive /root/sumauma-siprec-server/webapps/orktrack.war has finished in 5,201 ms
22-Sep-2023 15:40:38.066 INFO [localhost-startStop-1] org.apache.catalina.startup.HostConfig.deployWAR Deploying web application archive /root/sumauma-siprec-server/webapps/jolokia.war
22-Sep-2023 15:40:38.536 INFO [localhost-startStop-1] org.apache.jasper.servlet.TldScanner.scanJars At least one JAR was scanned for TLDs yet contained no TLDs. Enable debug logging for this logger for a complete list of JARs that were scanned but no TLDs were found in them. Skipping unneeded JARs during scanning can improve startup time and JSP compilation time.
22-Sep-2023 15:40:38.556 INFO [localhost-startStop-1] org.apache.catalina.core.ApplicationContext.log jolokia-agent: No access restrictor found at classpath:/jolokia-access.xml, access to all MBeans is allowed
22-Sep-2023 15:40:38.683 INFO [localhost-startStop-1] org.apache.catalina.startup.HostConfig.deployWAR Deployment of web application archive /root/sumauma-siprec-server/webapps/jolokia.war has finished in 617 ms
22-Sep-2023 15:40:38.684 INFO [localhost-startStop-1] org.apache.catalina.startup.HostConfig.deployWAR Deploying web application archive /root/sumauma-siprec-server/webapps/sip-servlets-management.war
22-Sep-2023 15:40:39.074 INFO [localhost-startStop-1] org.apache.jasper.servlet.TldScanner.scanJars At least one JAR was scanned for TLDs yet contained no TLDs. Enable debug logging for this logger for a complete list of JARs that were scanned but no TLDs were found in them. Skipping unneeded JARs during scanning can improve startup time and JSP compilation time.
22-Sep-2023 15:40:39.076 INFO [localhost-startStop-1] org.apache.catalina.startup.HostConfig.deployWAR Deployment of web application archive /root/sumauma-siprec-server/webapps/sip-servlets-management.war has finished in 391 ms
22-Sep-2023 15:40:39.110 INFO [localhost-startStop-1] org.apache.catalina.startup.HostConfig.deployDirectory Deploying web application directory /root/sumauma-siprec-server/webapps/ROOT
22-Sep-2023 15:40:39.472 INFO [localhost-startStop-1] org.apache.jasper.servlet.TldScanner.scanJars At least one JAR was scanned for TLDs yet contained no TLDs. Enable debug logging for this logger for a complete list of JARs that were scanned but no TLDs were found in them. Skipping unneeded JARs during scanning can improve startup time and JSP compilation time.
22-Sep-2023 15:40:39.484 INFO [localhost-startStop-1] org.apache.catalina.startup.HostConfig.deployDirectory Deployment of web application directory /root/sumauma-siprec-server/webapps/ROOT has finished in 364 ms
22-Sep-2023 15:40:39.572 INFO [localhost-startStop-1] org.apache.catalina.startup.HostConfig.deployDirectory Deploying web application directory /root/sumauma-siprec-server/webapps/docs
22-Sep-2023 15:40:39.839 INFO [localhost-startStop-1] org.apache.jasper.servlet.TldScanner.scanJars At least one JAR was scanned for TLDs yet contained no TLDs. Enable debug logging for this logger for a complete list of JARs that were scanned but no TLDs were found in them. Skipping unneeded JARs during scanning can improve startup time and JSP compilation time.
22-Sep-2023 15:40:39.840 INFO [localhost-startStop-1] org.apache.catalina.startup.HostConfig.deployDirectory Deployment of web application directory /root/sumauma-siprec-server/webapps/docs has finished in 268 ms
22-Sep-2023 15:40:40.105 INFO [localhost-startStop-1] org.apache.catalina.startup.HostConfig.deployDirectory Deploying web application directory /root/sumauma-siprec-server/webapps/examples
22-Sep-2023 15:40:41.215 INFO [localhost-startStop-1] org.apache.jasper.servlet.TldScanner.scanJars At least one JAR was scanned for TLDs yet contained no TLDs. Enable debug logging for this logger for a complete list of JARs that were scanned but no TLDs were found in them. Skipping unneeded JARs during scanning can improve startup time and JSP compilation time.
22-Sep-2023 15:40:41.241 INFO [localhost-startStop-1] org.apache.catalina.core.ApplicationContext.log ContextListener: contextInitialized()
22-Sep-2023 15:40:41.242 INFO [localhost-startStop-1] org.apache.catalina.core.ApplicationContext.log SessionListener: contextInitialized()
22-Sep-2023 15:40:41.246 INFO [localhost-startStop-1] org.apache.catalina.startup.HostConfig.deployDirectory Deployment of web application directory /root/sumauma-siprec-server/webapps/examples has finished in 1,141 ms
22-Sep-2023 15:40:41.247 INFO [localhost-startStop-1] org.apache.catalina.startup.HostConfig.deployDirectory Deploying web application directory /root/sumauma-siprec-server/webapps/host-manager
22-Sep-2023 15:40:41.477 INFO [localhost-startStop-1] org.apache.jasper.servlet.TldScanner.scanJars At least one JAR was scanned for TLDs yet contained no TLDs. Enable debug logging for this logger for a complete list of JARs that were scanned but no TLDs were found in them. Skipping unneeded JARs during scanning can improve startup time and JSP compilation time.
22-Sep-2023 15:40:41.480 INFO [localhost-startStop-1] org.apache.catalina.startup.HostConfig.deployDirectory Deployment of web application directory /root/sumauma-siprec-server/webapps/host-manager has finished in 233 ms
22-Sep-2023 15:40:41.481 INFO [localhost-startStop-1] org.apache.catalina.startup.HostConfig.deployDirectory Deploying web application directory /root/sumauma-siprec-server/webapps/manager
22-Sep-2023 15:40:41.799 INFO [localhost-startStop-1] org.apache.jasper.servlet.TldScanner.scanJars At least one JAR was scanned for TLDs yet contained no TLDs. Enable debug logging for this logger for a complete list of JARs that were scanned but no TLDs were found in them. Skipping unneeded JARs during scanning can improve startup time and JSP compilation time.
22-Sep-2023 15:40:41.801 INFO [localhost-startStop-1] org.apache.catalina.startup.HostConfig.deployDirectory Deployment of web application directory /root/sumauma-siprec-server/webapps/manager has finished in 320 ms
22-Sep-2023 15:40:41.814 INFO [main] org.apache.coyote.AbstractProtocol.start Starting ProtocolHandler ["http-nio-8080"]
22-Sep-2023 15:40:41.821 INFO [main] org.apache.coyote.AbstractProtocol.start Starting ProtocolHandler ["ajp-nio-8009"]
22-Sep-2023 15:40:42.034 INFO [main] org.apache.catalina.startup.Catalina.start Server startup in 11546 ms
