11-Sep-2023 18:50:06.365 INFO [main] org.apache.catalina.startup.VersionLoggerListener.log Server version:        Apache Tomcat/8.0.26
11-Sep-2023 18:50:06.454 INFO [main] org.apache.catalina.startup.VersionLoggerListener.log Server built:          Aug 18 2015 11:38:37 UTC
11-Sep-2023 18:50:06.454 INFO [main] org.apache.catalina.startup.VersionLoggerListener.log Server number:         8.0.26.0
11-Sep-2023 18:50:06.455 INFO [main] org.apache.catalina.startup.VersionLoggerListener.log OS Name:               Linux
11-Sep-2023 18:50:06.456 INFO [main] org.apache.catalina.startup.VersionLoggerListener.log OS Version:            4.18.0-383.el8.x86_64
11-Sep-2023 18:50:06.457 INFO [main] org.apache.catalina.startup.VersionLoggerListener.log Architecture:          amd64
11-Sep-2023 18:50:06.457 INFO [main] org.apache.catalina.startup.VersionLoggerListener.log Java Home:             /usr/java/jdk1.8.0_202-amd64/jre
11-Sep-2023 18:50:06.458 INFO [main] org.apache.catalina.startup.VersionLoggerListener.log JVM Version:           1.8.0_202-b08
11-Sep-2023 18:50:06.459 INFO [main] org.apache.catalina.startup.VersionLoggerListener.log JVM Vendor:            Oracle Corporation
11-Sep-2023 18:50:06.459 INFO [main] org.apache.catalina.startup.VersionLoggerListener.log CATALINA_BASE:         /root/sumauma-siprec-server
11-Sep-2023 18:50:06.460 INFO [main] org.apache.catalina.startup.VersionLoggerListener.log CATALINA_HOME:         /root/sumauma-siprec-server
11-Sep-2023 18:50:06.461 INFO [main] org.apache.catalina.startup.VersionLoggerListener.log Command line argument: -Djava.util.logging.config.file=/root/sumauma-siprec-server/conf/logging.properties
11-Sep-2023 18:50:06.461 INFO [main] org.apache.catalina.startup.VersionLoggerListener.log Command line argument: -Djava.util.logging.manager=org.apache.juli.ClassLoaderLogManager
11-Sep-2023 18:50:06.462 INFO [main] org.apache.catalina.startup.VersionLoggerListener.log Command line argument: -Djava.endorsed.dirs=/root/sumauma-siprec-server/endorsed
11-Sep-2023 18:50:06.463 INFO [main] org.apache.catalina.startup.VersionLoggerListener.log Command line argument: -Dcatalina.base=/root/sumauma-siprec-server
11-Sep-2023 18:50:06.464 INFO [main] org.apache.catalina.startup.VersionLoggerListener.log Command line argument: -Dcatalina.home=/root/sumauma-siprec-server
11-Sep-2023 18:50:06.483 INFO [main] org.apache.catalina.startup.VersionLoggerListener.log Command line argument: -Djava.io.tmpdir=/root/sumauma-siprec-server/temp
11-Sep-2023 18:50:06.484 INFO [main] org.apache.catalina.core.AprLifecycleListener.lifecycleEvent The APR based Apache Tomcat Native library which allows optimal performance in production environments was not found on the java.library.path: /usr/java/packages/lib/amd64:/usr/lib64:/lib64:/lib:/usr/lib
11-Sep-2023 18:50:08.893 INFO [main] org.apache.coyote.AbstractProtocol.init Initializing ProtocolHandler ["http-nio-8080"]
11-Sep-2023 18:50:09.128 INFO [main] org.apache.tomcat.util.net.NioSelectorPool.getSharedSelector Using a shared selector for servlet write/read
11-Sep-2023 18:50:09.147 INFO [main] org.apache.coyote.AbstractProtocol.init Initializing ProtocolHandler ["ajp-nio-8009"]
11-Sep-2023 18:50:09.151 INFO [main] org.apache.tomcat.util.net.NioSelectorPool.getSharedSelector Using a shared selector for servlet write/read
11-Sep-2023 18:50:09.933 INFO [main] org.apache.catalina.startup.Catalina.load Initialization processed in 7040 ms
11-Sep-2023 18:50:10.077 INFO [main] org.apache.catalina.core.StandardService.startInternal Starting service Sip-Servlets
11-Sep-2023 18:50:10.078 INFO [main] org.apache.catalina.core.StandardEngine.startInternal Starting Servlet Engine: Apache Tomcat/8.0.26
11-Sep-2023 18:50:10.450 INFO [localhost-startStop-1] org.apache.catalina.startup.HostConfig.deployWAR Deploying web application archive /root/sumauma-siprec-server/webapps/websockets-sip-servlet.war
11-Sep-2023 18:50:10.640 INFO [localhost-startStop-1] org.apache.catalina.util.LifecycleBase.start The start() method was called on component [org.apache.catalina.deploy.NamingResourcesImpl@58655dce] after start() had already been called. The second call will be ignored.
11-Sep-2023 18:50:10.854 INFO [localhost-startStop-1] org.apache.catalina.util.LifecycleBase.start The start() method was called on component [org.apache.catalina.deploy.NamingResourcesImpl@58655dce] after start() had already been called. The second call will be ignored.
11-Sep-2023 18:50:10.875 INFO [localhost-startStop-1] org.apache.catalina.util.LifecycleBase.start The start() method was called on component [WebappLoader[/websockets-sip-servlet]] after start() had already been called. The second call will be ignored.
11-Sep-2023 18:50:12.362 INFO [localhost-startStop-1] org.apache.jasper.servlet.TldScanner.scanJars At least one JAR was scanned for TLDs yet contained no TLDs. Enable debug logging for this logger for a complete list of JARs that were scanned but no TLDs were found in them. Skipping unneeded JARs during scanning can improve startup time and JSP compilation time.
11-Sep-2023 18:50:12.796 INFO [localhost-startStop-1] org.apache.catalina.startup.HostConfig.deployWAR Deployment of web application archive /root/sumauma-siprec-server/webapps/websockets-sip-servlet.war has finished in 2,332 ms
11-Sep-2023 18:50:12.834 INFO [localhost-startStop-1] org.apache.catalina.startup.HostConfig.deployWAR Deploying web application archive /root/sumauma-siprec-server/webapps/orktrack.war
11-Sep-2023 18:50:12.900 INFO [localhost-startStop-1] org.apache.catalina.util.LifecycleBase.start The start() method was called on component [org.apache.catalina.deploy.NamingResourcesImpl@63765219] after start() had already been called. The second call will be ignored.
11-Sep-2023 18:50:13.195 INFO [localhost-startStop-1] org.apache.catalina.util.LifecycleBase.start The start() method was called on component [org.apache.catalina.deploy.NamingResourcesImpl@63765219] after start() had already been called. The second call will be ignored.
11-Sep-2023 18:50:13.196 INFO [localhost-startStop-1] org.apache.catalina.util.LifecycleBase.start The start() method was called on component [WebappLoader[/orktrack]] after start() had already been called. The second call will be ignored.
11-Sep-2023 18:50:17.663 INFO [localhost-startStop-1] org.apache.jasper.servlet.TldScanner.scanJars At least one JAR was scanned for TLDs yet contained no TLDs. Enable debug logging for this logger for a complete list of JARs that were scanned but no TLDs were found in them. Skipping unneeded JARs during scanning can improve startup time and JSP compilation time.
11-Sep-2023 18:50:18.119 INFO [localhost-startStop-1] org.apache.catalina.startup.HostConfig.deployWAR Deployment of web application archive /root/sumauma-siprec-server/webapps/orktrack.war has finished in 5,285 ms
11-Sep-2023 18:50:18.130 INFO [localhost-startStop-1] org.apache.catalina.startup.HostConfig.deployWAR Deploying web application archive /root/sumauma-siprec-server/webapps/jolokia.war
11-Sep-2023 18:50:18.599 INFO [localhost-startStop-1] org.apache.jasper.servlet.TldScanner.scanJars At least one JAR was scanned for TLDs yet contained no TLDs. Enable debug logging for this logger for a complete list of JARs that were scanned but no TLDs were found in them. Skipping unneeded JARs during scanning can improve startup time and JSP compilation time.
11-Sep-2023 18:50:18.620 INFO [localhost-startStop-1] org.apache.catalina.core.ApplicationContext.log jolokia-agent: No access restrictor found at classpath:/jolokia-access.xml, access to all MBeans is allowed
11-Sep-2023 18:50:18.752 INFO [localhost-startStop-1] org.apache.catalina.startup.HostConfig.deployWAR Deployment of web application archive /root/sumauma-siprec-server/webapps/jolokia.war has finished in 622 ms
11-Sep-2023 18:50:18.752 INFO [localhost-startStop-1] org.apache.catalina.startup.HostConfig.deployWAR Deploying web application archive /root/sumauma-siprec-server/webapps/sip-servlets-management.war
11-Sep-2023 18:50:19.057 INFO [localhost-startStop-1] org.apache.jasper.servlet.TldScanner.scanJars At least one JAR was scanned for TLDs yet contained no TLDs. Enable debug logging for this logger for a complete list of JARs that were scanned but no TLDs were found in them. Skipping unneeded JARs during scanning can improve startup time and JSP compilation time.
11-Sep-2023 18:50:19.058 INFO [localhost-startStop-1] org.apache.catalina.startup.HostConfig.deployWAR Deployment of web application archive /root/sumauma-siprec-server/webapps/sip-servlets-management.war has finished in 306 ms
11-Sep-2023 18:50:19.076 INFO [localhost-startStop-1] org.apache.catalina.startup.HostConfig.deployDirectory Deploying web application directory /root/sumauma-siprec-server/webapps/ROOT
11-Sep-2023 18:50:19.438 INFO [localhost-startStop-1] org.apache.jasper.servlet.TldScanner.scanJars At least one JAR was scanned for TLDs yet contained no TLDs. Enable debug logging for this logger for a complete list of JARs that were scanned but no TLDs were found in them. Skipping unneeded JARs during scanning can improve startup time and JSP compilation time.
11-Sep-2023 18:50:19.440 INFO [localhost-startStop-1] org.apache.catalina.startup.HostConfig.deployDirectory Deployment of web application directory /root/sumauma-siprec-server/webapps/ROOT has finished in 364 ms
11-Sep-2023 18:50:19.461 INFO [localhost-startStop-1] org.apache.catalina.startup.HostConfig.deployDirectory Deploying web application directory /root/sumauma-siprec-server/webapps/docs
11-Sep-2023 18:50:19.624 INFO [localhost-startStop-1] org.apache.jasper.servlet.TldScanner.scanJars At least one JAR was scanned for TLDs yet contained no TLDs. Enable debug logging for this logger for a complete list of JARs that were scanned but no TLDs were found in them. Skipping unneeded JARs during scanning can improve startup time and JSP compilation time.
11-Sep-2023 18:50:19.626 INFO [localhost-startStop-1] org.apache.catalina.startup.HostConfig.deployDirectory Deployment of web application directory /root/sumauma-siprec-server/webapps/docs has finished in 165 ms
11-Sep-2023 18:50:19.649 INFO [localhost-startStop-1] org.apache.catalina.startup.HostConfig.deployDirectory Deploying web application directory /root/sumauma-siprec-server/webapps/examples
11-Sep-2023 18:50:19.993 INFO [localhost-startStop-1] org.apache.jasper.servlet.TldScanner.scanJars At least one JAR was scanned for TLDs yet contained no TLDs. Enable debug logging for this logger for a complete list of JARs that were scanned but no TLDs were found in them. Skipping unneeded JARs during scanning can improve startup time and JSP compilation time.
11-Sep-2023 18:50:20.019 INFO [localhost-startStop-1] org.apache.catalina.core.ApplicationContext.log ContextListener: contextInitialized()
11-Sep-2023 18:50:20.020 INFO [localhost-startStop-1] org.apache.catalina.core.ApplicationContext.log SessionListener: contextInitialized()
11-Sep-2023 18:50:20.025 INFO [localhost-startStop-1] org.apache.catalina.startup.HostConfig.deployDirectory Deployment of web application directory /root/sumauma-siprec-server/webapps/examples has finished in 376 ms
11-Sep-2023 18:50:20.052 INFO [localhost-startStop-1] org.apache.catalina.startup.HostConfig.deployDirectory Deploying web application directory /root/sumauma-siprec-server/webapps/host-manager
11-Sep-2023 18:50:20.260 INFO [localhost-startStop-1] org.apache.jasper.servlet.TldScanner.scanJars At least one JAR was scanned for TLDs yet contained no TLDs. Enable debug logging for this logger for a complete list of JARs that were scanned but no TLDs were found in them. Skipping unneeded JARs during scanning can improve startup time and JSP compilation time.
11-Sep-2023 18:50:20.262 INFO [localhost-startStop-1] org.apache.catalina.startup.HostConfig.deployDirectory Deployment of web application directory /root/sumauma-siprec-server/webapps/host-manager has finished in 237 ms
11-Sep-2023 18:50:20.263 INFO [localhost-startStop-1] org.apache.catalina.startup.HostConfig.deployDirectory Deploying web application directory /root/sumauma-siprec-server/webapps/manager
11-Sep-2023 18:50:20.435 INFO [localhost-startStop-1] org.apache.jasper.servlet.TldScanner.scanJars At least one JAR was scanned for TLDs yet contained no TLDs. Enable debug logging for this logger for a complete list of JARs that were scanned but no TLDs were found in them. Skipping unneeded JARs during scanning can improve startup time and JSP compilation time.
11-Sep-2023 18:50:20.437 INFO [localhost-startStop-1] org.apache.catalina.startup.HostConfig.deployDirectory Deployment of web application directory /root/sumauma-siprec-server/webapps/manager has finished in 173 ms
11-Sep-2023 18:50:20.446 INFO [main] org.apache.coyote.AbstractProtocol.start Starting ProtocolHandler ["http-nio-8080"]
11-Sep-2023 18:50:20.456 INFO [main] org.apache.coyote.AbstractProtocol.start Starting ProtocolHandler ["ajp-nio-8009"]
11-Sep-2023 18:50:20.800 INFO [main] org.apache.catalina.startup.Catalina.start Server startup in 10866 ms
11-Sep-2023 19:54:16.169 INFO [main] org.apache.catalina.core.StandardServer.await A valid shutdown command was received via the shutdown port. Stopping the Server instance.
11-Sep-2023 19:54:16.169 INFO [main] org.apache.coyote.AbstractProtocol.pause Pausing ProtocolHandler ["http-nio-8080"]
11-Sep-2023 19:54:16.221 INFO [main] org.apache.coyote.AbstractProtocol.pause Pausing ProtocolHandler ["ajp-nio-8009"]
11-Sep-2023 19:54:16.272 INFO [main] org.apache.catalina.core.StandardService.stopInternal Stopping service Sip-Servlets
11-Sep-2023 19:54:16.276 INFO [localhost-startStop-2] org.apache.catalina.core.StandardWrapper.unload Waiting for 1 instance(s) to be deallocated for Servlet [WebSocketB2BUASipServlet]
11-Sep-2023 19:54:17.278 INFO [localhost-startStop-2] org.apache.catalina.core.StandardWrapper.unload Waiting for 1 instance(s) to be deallocated for Servlet [WebSocketB2BUASipServlet]
11-Sep-2023 19:54:18.280 INFO [localhost-startStop-2] org.apache.catalina.core.StandardWrapper.unload Waiting for 1 instance(s) to be deallocated for Servlet [WebSocketB2BUASipServlet]
11-Sep-2023 19:54:18.411 INFO [localhost-startStop-2] org.apache.catalina.core.StandardWrapper.unload Waiting for 2 instance(s) to be deallocated for Servlet [SipRecServlet]
11-Sep-2023 19:54:19.413 INFO [localhost-startStop-2] org.apache.catalina.core.StandardWrapper.unload Waiting for 2 instance(s) to be deallocated for Servlet [SipRecServlet]
11-Sep-2023 19:54:20.415 INFO [localhost-startStop-2] org.apache.catalina.core.StandardWrapper.unload Waiting for 2 instance(s) to be deallocated for Servlet [SipRecServlet]
11-Sep-2023 19:54:20.525 WARNING [localhost-startStop-2] org.apache.catalina.loader.WebappClassLoaderBase.clearReferencesJdbc The web application [orktrack] registered the JDBC driver [com.mysql.jdbc.Driver] but failed to unregister it when the web application was stopped. To prevent a memory leak, the JDBC Driver has been forcibly unregistered.
11-Sep-2023 19:54:20.526 WARNING [localhost-startStop-2] org.apache.catalina.loader.WebappClassLoaderBase.clearReferencesThreads The web application [orktrack] appears to have started a thread named [Abandoned connection cleanup thread] but has failed to stop it. This is very likely to create a memory leak. Stack trace of thread:
 java.lang.Object.wait(Native Method)
 java.lang.ref.ReferenceQueue.remove(ReferenceQueue.java:144)
 com.mysql.jdbc.AbandonedConnectionCleanupThread.run(AbandonedConnectionCleanupThread.java:64)
 java.util.concurrent.ThreadPoolExecutor.runWorker(ThreadPoolExecutor.java:1149)
 java.util.concurrent.ThreadPoolExecutor$Worker.run(ThreadPoolExecutor.java:624)
 java.lang.Thread.run(Thread.java:748)
11-Sep-2023 19:54:20.543 INFO [localhost-startStop-2] org.apache.catalina.core.ApplicationContext.log SessionListener: contextDestroyed()
11-Sep-2023 19:54:20.543 INFO [localhost-startStop-2] org.apache.catalina.core.ApplicationContext.log ContextListener: contextDestroyed()
11-Sep-2023 19:54:20.573 INFO [main] org.apache.coyote.AbstractProtocol.stop Stopping ProtocolHandler ["http-nio-8080"]
11-Sep-2023 19:54:20.662 INFO [main] org.apache.coyote.AbstractProtocol.stop Stopping ProtocolHandler ["ajp-nio-8009"]
11-Sep-2023 19:54:24.496 INFO [Abandoned connection cleanup thread] org.apache.catalina.loader.WebappClassLoaderBase.checkStateForResourceLoading Illegal access: this web application instance has been stopped already. Could not load []. The following stack trace is thrown for debugging purposes as well as to attempt to terminate the thread which caused the illegal access.
 java.lang.IllegalStateException: Illegal access: this web application instance has been stopped already. Could not load []. The following stack trace is thrown for debugging purposes as well as to attempt to terminate the thread which caused the illegal access.
	at org.apache.catalina.loader.WebappClassLoaderBase.checkStateForResourceLoading(WebappClassLoaderBase.java:1354)
	at org.apache.catalina.loader.WebappClassLoaderBase.getResource(WebappClassLoaderBase.java:1028)
	at com.mysql.jdbc.AbandonedConnectionCleanupThread.checkContextClassLoaders(AbandonedConnectionCleanupThread.java:90)
	at com.mysql.jdbc.AbandonedConnectionCleanupThread.run(AbandonedConnectionCleanupThread.java:63)
	at java.util.concurrent.ThreadPoolExecutor.runWorker(ThreadPoolExecutor.java:1149)
	at java.util.concurrent.ThreadPoolExecutor$Worker.run(ThreadPoolExecutor.java:624)
	at java.lang.Thread.run(Thread.java:748)

11-Sep-2023 19:54:32.970 INFO [main] org.restcomm.commons.statistics.sender.RestcommStatsSender.sendStats couldn't send stats data to https://statistics.restcomm.com/rest/ because of Connect to statistics.restcomm.com:443 [statistics.restcomm.com/18.204.201.180] failed: connect timed out, root cause: connect timed out
11-Sep-2023 19:54:42.985 INFO [main] org.restcomm.commons.statistics.sender.RestcommStatsSender.sendStats couldn't send stats data to https://statistics.restcomm.com/rest/ because of Connect to statistics.restcomm.com:443 [statistics.restcomm.com/18.204.201.180] failed: connect timed out, root cause: connect timed out
11-Sep-2023 23:14:57.575 INFO [main] org.apache.catalina.startup.VersionLoggerListener.log Server version:        Apache Tomcat/8.0.26
11-Sep-2023 23:14:57.640 INFO [main] org.apache.catalina.startup.VersionLoggerListener.log Server built:          Aug 18 2015 11:38:37 UTC
11-Sep-2023 23:14:57.641 INFO [main] org.apache.catalina.startup.VersionLoggerListener.log Server number:         8.0.26.0
11-Sep-2023 23:14:57.642 INFO [main] org.apache.catalina.startup.VersionLoggerListener.log OS Name:               Linux
11-Sep-2023 23:14:57.643 INFO [main] org.apache.catalina.startup.VersionLoggerListener.log OS Version:            4.18.0-383.el8.x86_64
11-Sep-2023 23:14:57.644 INFO [main] org.apache.catalina.startup.VersionLoggerListener.log Architecture:          amd64
11-Sep-2023 23:14:57.645 INFO [main] org.apache.catalina.startup.VersionLoggerListener.log Java Home:             /usr/java/jdk1.8.0_202-amd64/jre
11-Sep-2023 23:14:57.645 INFO [main] org.apache.catalina.startup.VersionLoggerListener.log JVM Version:           1.8.0_202-b08
11-Sep-2023 23:14:57.646 INFO [main] org.apache.catalina.startup.VersionLoggerListener.log JVM Vendor:            Oracle Corporation
11-Sep-2023 23:14:57.647 INFO [main] org.apache.catalina.startup.VersionLoggerListener.log CATALINA_BASE:         /root/sumauma-siprec-server
11-Sep-2023 23:14:57.648 INFO [main] org.apache.catalina.startup.VersionLoggerListener.log CATALINA_HOME:         /root/sumauma-siprec-server
11-Sep-2023 23:14:57.649 INFO [main] org.apache.catalina.startup.VersionLoggerListener.log Command line argument: -Djava.util.logging.config.file=/root/sumauma-siprec-server/conf/logging.properties
11-Sep-2023 23:14:57.651 INFO [main] org.apache.catalina.startup.VersionLoggerListener.log Command line argument: -Djava.util.logging.manager=org.apache.juli.ClassLoaderLogManager
11-Sep-2023 23:14:57.653 INFO [main] org.apache.catalina.startup.VersionLoggerListener.log Command line argument: -Djava.endorsed.dirs=/root/sumauma-siprec-server/endorsed
11-Sep-2023 23:14:57.657 INFO [main] org.apache.catalina.startup.VersionLoggerListener.log Command line argument: -Dcatalina.base=/root/sumauma-siprec-server
11-Sep-2023 23:14:57.658 INFO [main] org.apache.catalina.startup.VersionLoggerListener.log Command line argument: -Dcatalina.home=/root/sumauma-siprec-server
11-Sep-2023 23:14:57.658 INFO [main] org.apache.catalina.startup.VersionLoggerListener.log Command line argument: -Djava.io.tmpdir=/root/sumauma-siprec-server/temp
11-Sep-2023 23:14:57.659 INFO [main] org.apache.catalina.core.AprLifecycleListener.lifecycleEvent The APR based Apache Tomcat Native library which allows optimal performance in production environments was not found on the java.library.path: /usr/java/packages/lib/amd64:/usr/lib64:/lib64:/lib:/usr/lib
11-Sep-2023 23:14:59.669 INFO [main] org.apache.coyote.AbstractProtocol.init Initializing ProtocolHandler ["http-nio-8080"]
11-Sep-2023 23:14:59.859 INFO [main] org.apache.tomcat.util.net.NioSelectorPool.getSharedSelector Using a shared selector for servlet write/read
11-Sep-2023 23:14:59.885 INFO [main] org.apache.coyote.AbstractProtocol.init Initializing ProtocolHandler ["ajp-nio-8009"]
11-Sep-2023 23:14:59.894 INFO [main] org.apache.tomcat.util.net.NioSelectorPool.getSharedSelector Using a shared selector for servlet write/read
11-Sep-2023 23:15:00.840 INFO [main] org.apache.catalina.startup.Catalina.load Initialization processed in 6988 ms
11-Sep-2023 23:15:00.997 INFO [main] org.apache.catalina.core.StandardService.startInternal Starting service Sip-Servlets
11-Sep-2023 23:15:00.998 INFO [main] org.apache.catalina.core.StandardEngine.startInternal Starting Servlet Engine: Apache Tomcat/8.0.26
11-Sep-2023 23:15:01.372 INFO [localhost-startStop-1] org.apache.catalina.startup.HostConfig.deployWAR Deploying web application archive /root/sumauma-siprec-server/webapps/websockets-sip-servlet.war
11-Sep-2023 23:15:01.618 INFO [localhost-startStop-1] org.apache.catalina.util.LifecycleBase.start The start() method was called on component [org.apache.catalina.deploy.NamingResourcesImpl@631d2621] after start() had already been called. The second call will be ignored.
11-Sep-2023 23:15:01.833 INFO [localhost-startStop-1] org.apache.catalina.util.LifecycleBase.start The start() method was called on component [org.apache.catalina.deploy.NamingResourcesImpl@631d2621] after start() had already been called. The second call will be ignored.
11-Sep-2023 23:15:01.851 INFO [localhost-startStop-1] org.apache.catalina.util.LifecycleBase.start The start() method was called on component [WebappLoader[/websockets-sip-servlet]] after start() had already been called. The second call will be ignored.
11-Sep-2023 23:15:03.576 INFO [localhost-startStop-1] org.apache.jasper.servlet.TldScanner.scanJars At least one JAR was scanned for TLDs yet contained no TLDs. Enable debug logging for this logger for a complete list of JARs that were scanned but no TLDs were found in them. Skipping unneeded JARs during scanning can improve startup time and JSP compilation time.
11-Sep-2023 23:15:04.077 INFO [localhost-startStop-1] org.apache.catalina.startup.HostConfig.deployWAR Deployment of web application archive /root/sumauma-siprec-server/webapps/websockets-sip-servlet.war has finished in 2,703 ms
11-Sep-2023 23:15:04.179 INFO [localhost-startStop-1] org.apache.catalina.startup.HostConfig.deployWAR Deploying web application archive /root/sumauma-siprec-server/webapps/orktrack.war
11-Sep-2023 23:15:04.232 INFO [localhost-startStop-1] org.apache.catalina.util.LifecycleBase.start The start() method was called on component [org.apache.catalina.deploy.NamingResourcesImpl@7d05234a] after start() had already been called. The second call will be ignored.
11-Sep-2023 23:15:04.509 INFO [localhost-startStop-1] org.apache.catalina.util.LifecycleBase.start The start() method was called on component [org.apache.catalina.deploy.NamingResourcesImpl@7d05234a] after start() had already been called. The second call will be ignored.
11-Sep-2023 23:15:04.510 INFO [localhost-startStop-1] org.apache.catalina.util.LifecycleBase.start The start() method was called on component [WebappLoader[/orktrack]] after start() had already been called. The second call will be ignored.
11-Sep-2023 23:15:10.585 INFO [localhost-startStop-1] org.apache.jasper.servlet.TldScanner.scanJars At least one JAR was scanned for TLDs yet contained no TLDs. Enable debug logging for this logger for a complete list of JARs that were scanned but no TLDs were found in them. Skipping unneeded JARs during scanning can improve startup time and JSP compilation time.
11-Sep-2023 23:15:10.659 INFO [localhost-startStop-1] org.apache.catalina.startup.HostConfig.deployWAR Deployment of web application archive /root/sumauma-siprec-server/webapps/orktrack.war has finished in 6,479 ms
11-Sep-2023 23:15:10.693 INFO [localhost-startStop-1] org.apache.catalina.startup.HostConfig.deployWAR Deploying web application archive /root/sumauma-siprec-server/webapps/jolokia.war
11-Sep-2023 23:15:11.555 INFO [localhost-startStop-1] org.apache.jasper.servlet.TldScanner.scanJars At least one JAR was scanned for TLDs yet contained no TLDs. Enable debug logging for this logger for a complete list of JARs that were scanned but no TLDs were found in them. Skipping unneeded JARs during scanning can improve startup time and JSP compilation time.
11-Sep-2023 23:15:11.575 INFO [localhost-startStop-1] org.apache.catalina.core.ApplicationContext.log jolokia-agent: No access restrictor found at classpath:/jolokia-access.xml, access to all MBeans is allowed
11-Sep-2023 23:15:11.768 INFO [localhost-startStop-1] org.apache.catalina.startup.HostConfig.deployWAR Deployment of web application archive /root/sumauma-siprec-server/webapps/jolokia.war has finished in 1,075 ms
11-Sep-2023 23:15:11.769 INFO [localhost-startStop-1] org.apache.catalina.startup.HostConfig.deployWAR Deploying web application archive /root/sumauma-siprec-server/webapps/sip-servlets-management.war
11-Sep-2023 23:15:12.437 INFO [localhost-startStop-1] org.apache.jasper.servlet.TldScanner.scanJars At least one JAR was scanned for TLDs yet contained no TLDs. Enable debug logging for this logger for a complete list of JARs that were scanned but no TLDs were found in them. Skipping unneeded JARs during scanning can improve startup time and JSP compilation time.
11-Sep-2023 23:15:12.452 INFO [localhost-startStop-1] org.apache.catalina.startup.HostConfig.deployWAR Deployment of web application archive /root/sumauma-siprec-server/webapps/sip-servlets-management.war has finished in 683 ms
11-Sep-2023 23:15:12.489 INFO [localhost-startStop-1] org.apache.catalina.startup.HostConfig.deployDirectory Deploying web application directory /root/sumauma-siprec-server/webapps/ROOT
11-Sep-2023 23:15:13.124 INFO [localhost-startStop-1] org.apache.jasper.servlet.TldScanner.scanJars At least one JAR was scanned for TLDs yet contained no TLDs. Enable debug logging for this logger for a complete list of JARs that were scanned but no TLDs were found in them. Skipping unneeded JARs during scanning can improve startup time and JSP compilation time.
11-Sep-2023 23:15:13.137 INFO [localhost-startStop-1] org.apache.catalina.startup.HostConfig.deployDirectory Deployment of web application directory /root/sumauma-siprec-server/webapps/ROOT has finished in 648 ms
11-Sep-2023 23:15:13.226 INFO [localhost-startStop-1] org.apache.catalina.startup.HostConfig.deployDirectory Deploying web application directory /root/sumauma-siprec-server/webapps/docs
11-Sep-2023 23:15:13.973 INFO [localhost-startStop-1] org.apache.jasper.servlet.TldScanner.scanJars At least one JAR was scanned for TLDs yet contained no TLDs. Enable debug logging for this logger for a complete list of JARs that were scanned but no TLDs were found in them. Skipping unneeded JARs during scanning can improve startup time and JSP compilation time.
11-Sep-2023 23:15:13.997 INFO [localhost-startStop-1] org.apache.catalina.startup.HostConfig.deployDirectory Deployment of web application directory /root/sumauma-siprec-server/webapps/docs has finished in 771 ms
11-Sep-2023 23:15:14.264 INFO [localhost-startStop-1] org.apache.catalina.startup.HostConfig.deployDirectory Deploying web application directory /root/sumauma-siprec-server/webapps/examples
11-Sep-2023 23:15:16.133 INFO [localhost-startStop-1] org.apache.jasper.servlet.TldScanner.scanJars At least one JAR was scanned for TLDs yet contained no TLDs. Enable debug logging for this logger for a complete list of JARs that were scanned but no TLDs were found in them. Skipping unneeded JARs during scanning can improve startup time and JSP compilation time.
11-Sep-2023 23:15:16.186 INFO [localhost-startStop-1] org.apache.catalina.core.ApplicationContext.log ContextListener: contextInitialized()
11-Sep-2023 23:15:16.186 INFO [localhost-startStop-1] org.apache.catalina.core.ApplicationContext.log SessionListener: contextInitialized()
11-Sep-2023 23:15:16.205 INFO [localhost-startStop-1] org.apache.catalina.startup.HostConfig.deployDirectory Deployment of web application directory /root/sumauma-siprec-server/webapps/examples has finished in 1,941 ms
11-Sep-2023 23:15:16.206 INFO [localhost-startStop-1] org.apache.catalina.startup.HostConfig.deployDirectory Deploying web application directory /root/sumauma-siprec-server/webapps/host-manager
11-Sep-2023 23:15:16.912 INFO [localhost-startStop-1] org.apache.jasper.servlet.TldScanner.scanJars At least one JAR was scanned for TLDs yet contained no TLDs. Enable debug logging for this logger for a complete list of JARs that were scanned but no TLDs were found in them. Skipping unneeded JARs during scanning can improve startup time and JSP compilation time.
11-Sep-2023 23:15:16.915 INFO [localhost-startStop-1] org.apache.catalina.startup.HostConfig.deployDirectory Deployment of web application directory /root/sumauma-siprec-server/webapps/host-manager has finished in 709 ms
11-Sep-2023 23:15:16.916 INFO [localhost-startStop-1] org.apache.catalina.startup.HostConfig.deployDirectory Deploying web application directory /root/sumauma-siprec-server/webapps/manager
11-Sep-2023 23:15:17.504 INFO [localhost-startStop-1] org.apache.jasper.servlet.TldScanner.scanJars At least one JAR was scanned for TLDs yet contained no TLDs. Enable debug logging for this logger for a complete list of JARs that were scanned but no TLDs were found in them. Skipping unneeded JARs during scanning can improve startup time and JSP compilation time.
11-Sep-2023 23:15:17.518 INFO [localhost-startStop-1] org.apache.catalina.startup.HostConfig.deployDirectory Deployment of web application directory /root/sumauma-siprec-server/webapps/manager has finished in 602 ms
11-Sep-2023 23:15:17.546 INFO [main] org.apache.coyote.AbstractProtocol.start Starting ProtocolHandler ["http-nio-8080"]
11-Sep-2023 23:15:17.599 INFO [main] org.apache.coyote.AbstractProtocol.start Starting ProtocolHandler ["ajp-nio-8009"]
11-Sep-2023 23:15:19.840 INFO [main] org.apache.catalina.startup.Catalina.start Server startup in 18999 ms
