08-Sep-2023 16:31:15.991 INFO [main] org.apache.catalina.startup.VersionLoggerListener.log Server version:        Apache Tomcat/8.0.26
08-Sep-2023 16:31:16.103 INFO [main] org.apache.catalina.startup.VersionLoggerListener.log Server built:          Aug 18 2015 11:38:37 UTC
08-Sep-2023 16:31:16.104 INFO [main] org.apache.catalina.startup.VersionLoggerListener.log Server number:         8.0.26.0
08-Sep-2023 16:31:16.104 INFO [main] org.apache.catalina.startup.VersionLoggerListener.log OS Name:               Linux
08-Sep-2023 16:31:16.105 INFO [main] org.apache.catalina.startup.VersionLoggerListener.log OS Version:            4.18.0-383.el8.x86_64
08-Sep-2023 16:31:16.106 INFO [main] org.apache.catalina.startup.VersionLoggerListener.log Architecture:          amd64
08-Sep-2023 16:31:16.106 INFO [main] org.apache.catalina.startup.VersionLoggerListener.log Java Home:             /usr/java/jdk1.8.0_202-amd64/jre
08-Sep-2023 16:31:16.107 INFO [main] org.apache.catalina.startup.VersionLoggerListener.log JVM Version:           1.8.0_202-b08
08-Sep-2023 16:31:16.107 INFO [main] org.apache.catalina.startup.VersionLoggerListener.log JVM Vendor:            Oracle Corporation
08-Sep-2023 16:31:16.108 INFO [main] org.apache.catalina.startup.VersionLoggerListener.log CATALINA_BASE:         /root/sumauma-siprec-server
08-Sep-2023 16:31:16.109 INFO [main] org.apache.catalina.startup.VersionLoggerListener.log CATALINA_HOME:         /root/sumauma-siprec-server
08-Sep-2023 16:31:16.110 INFO [main] org.apache.catalina.startup.VersionLoggerListener.log Command line argument: -Djava.util.logging.config.file=/root/sumauma-siprec-server/conf/logging.properties
08-Sep-2023 16:31:16.110 INFO [main] org.apache.catalina.startup.VersionLoggerListener.log Command line argument: -Djava.util.logging.manager=org.apache.juli.ClassLoaderLogManager
08-Sep-2023 16:31:16.111 INFO [main] org.apache.catalina.startup.VersionLoggerListener.log Command line argument: -Djava.endorsed.dirs=/root/sumauma-siprec-server/endorsed
08-Sep-2023 16:31:16.112 INFO [main] org.apache.catalina.startup.VersionLoggerListener.log Command line argument: -Dcatalina.base=/root/sumauma-siprec-server
08-Sep-2023 16:31:16.112 INFO [main] org.apache.catalina.startup.VersionLoggerListener.log Command line argument: -Dcatalina.home=/root/sumauma-siprec-server
08-Sep-2023 16:31:16.120 INFO [main] org.apache.catalina.startup.VersionLoggerListener.log Command line argument: -Djava.io.tmpdir=/root/sumauma-siprec-server/temp
08-Sep-2023 16:31:16.120 INFO [main] org.apache.catalina.core.AprLifecycleListener.lifecycleEvent The APR based Apache Tomcat Native library which allows optimal performance in production environments was not found on the java.library.path: /usr/java/packages/lib/amd64:/usr/lib64:/lib64:/lib:/usr/lib
08-Sep-2023 16:31:17.599 INFO [main] org.apache.coyote.AbstractProtocol.init Initializing ProtocolHandler ["http-nio-8080"]
08-Sep-2023 16:31:17.812 INFO [main] org.apache.tomcat.util.net.NioSelectorPool.getSharedSelector Using a shared selector for servlet write/read
08-Sep-2023 16:31:17.822 INFO [main] org.apache.coyote.AbstractProtocol.init Initializing ProtocolHandler ["ajp-nio-8009"]
08-Sep-2023 16:31:17.826 INFO [main] org.apache.tomcat.util.net.NioSelectorPool.getSharedSelector Using a shared selector for servlet write/read
08-Sep-2023 16:31:18.550 INFO [main] org.apache.catalina.startup.Catalina.load Initialization processed in 5808 ms
08-Sep-2023 16:31:18.693 INFO [main] org.apache.catalina.core.StandardService.startInternal Starting service Sip-Servlets
08-Sep-2023 16:31:18.694 INFO [main] org.apache.catalina.core.StandardEngine.startInternal Starting Servlet Engine: Apache Tomcat/8.0.26
08-Sep-2023 16:31:18.904 INFO [localhost-startStop-1] org.apache.catalina.startup.HostConfig.deployWAR Deploying web application archive /root/sumauma-siprec-server/webapps/websockets-sip-servlet.war
08-Sep-2023 16:31:19.123 INFO [localhost-startStop-1] org.apache.catalina.util.LifecycleBase.start The start() method was called on component [org.apache.catalina.deploy.NamingResourcesImpl@63734815] after start() had already been called. The second call will be ignored.
08-Sep-2023 16:31:19.336 INFO [localhost-startStop-1] org.apache.catalina.util.LifecycleBase.start The start() method was called on component [org.apache.catalina.deploy.NamingResourcesImpl@63734815] after start() had already been called. The second call will be ignored.
08-Sep-2023 16:31:19.358 INFO [localhost-startStop-1] org.apache.catalina.util.LifecycleBase.start The start() method was called on component [WebappLoader[/websockets-sip-servlet]] after start() had already been called. The second call will be ignored.
08-Sep-2023 16:31:20.672 INFO [localhost-startStop-1] org.apache.jasper.servlet.TldScanner.scanJars At least one JAR was scanned for TLDs yet contained no TLDs. Enable debug logging for this logger for a complete list of JARs that were scanned but no TLDs were found in them. Skipping unneeded JARs during scanning can improve startup time and JSP compilation time.
08-Sep-2023 16:31:21.032 INFO [localhost-startStop-1] org.apache.catalina.startup.HostConfig.deployWAR Deployment of web application archive /root/sumauma-siprec-server/webapps/websockets-sip-servlet.war has finished in 2,126 ms
08-Sep-2023 16:31:21.065 INFO [localhost-startStop-1] org.apache.catalina.startup.HostConfig.deployWAR Deploying web application archive /root/sumauma-siprec-server/webapps/orktrack.war
08-Sep-2023 16:31:21.108 INFO [localhost-startStop-1] org.apache.catalina.util.LifecycleBase.start The start() method was called on component [org.apache.catalina.deploy.NamingResourcesImpl@72989f19] after start() had already been called. The second call will be ignored.
08-Sep-2023 16:31:21.383 INFO [localhost-startStop-1] org.apache.catalina.util.LifecycleBase.start The start() method was called on component [org.apache.catalina.deploy.NamingResourcesImpl@72989f19] after start() had already been called. The second call will be ignored.
08-Sep-2023 16:31:21.384 INFO [localhost-startStop-1] org.apache.catalina.util.LifecycleBase.start The start() method was called on component [WebappLoader[/orktrack]] after start() had already been called. The second call will be ignored.
08-Sep-2023 16:31:25.741 INFO [localhost-startStop-1] org.apache.jasper.servlet.TldScanner.scanJars At least one JAR was scanned for TLDs yet contained no TLDs. Enable debug logging for this logger for a complete list of JARs that were scanned but no TLDs were found in them. Skipping unneeded JARs during scanning can improve startup time and JSP compilation time.
08-Sep-2023 16:31:25.810 INFO [localhost-startStop-1] org.apache.catalina.startup.HostConfig.deployWAR Deployment of web application archive /root/sumauma-siprec-server/webapps/orktrack.war has finished in 4,745 ms
08-Sep-2023 16:31:25.835 INFO [localhost-startStop-1] org.apache.catalina.startup.HostConfig.deployWAR Deploying web application archive /root/sumauma-siprec-server/webapps/jolokia.war
08-Sep-2023 16:31:26.325 INFO [localhost-startStop-1] org.apache.jasper.servlet.TldScanner.scanJars At least one JAR was scanned for TLDs yet contained no TLDs. Enable debug logging for this logger for a complete list of JARs that were scanned but no TLDs were found in them. Skipping unneeded JARs during scanning can improve startup time and JSP compilation time.
08-Sep-2023 16:31:26.342 INFO [localhost-startStop-1] org.apache.catalina.core.ApplicationContext.log jolokia-agent: No access restrictor found at classpath:/jolokia-access.xml, access to all MBeans is allowed
08-Sep-2023 16:31:26.470 INFO [localhost-startStop-1] org.apache.catalina.startup.HostConfig.deployWAR Deployment of web application archive /root/sumauma-siprec-server/webapps/jolokia.war has finished in 635 ms
08-Sep-2023 16:31:26.471 INFO [localhost-startStop-1] org.apache.catalina.startup.HostConfig.deployWAR Deploying web application archive /root/sumauma-siprec-server/webapps/sip-servlets-management.war
08-Sep-2023 16:31:26.863 INFO [localhost-startStop-1] org.apache.jasper.servlet.TldScanner.scanJars At least one JAR was scanned for TLDs yet contained no TLDs. Enable debug logging for this logger for a complete list of JARs that were scanned but no TLDs were found in them. Skipping unneeded JARs during scanning can improve startup time and JSP compilation time.
08-Sep-2023 16:31:26.865 INFO [localhost-startStop-1] org.apache.catalina.startup.HostConfig.deployWAR Deployment of web application archive /root/sumauma-siprec-server/webapps/sip-servlets-management.war has finished in 394 ms
08-Sep-2023 16:31:26.900 INFO [localhost-startStop-1] org.apache.catalina.startup.HostConfig.deployDirectory Deploying web application directory /root/sumauma-siprec-server/webapps/ROOT
08-Sep-2023 16:31:27.295 INFO [localhost-startStop-1] org.apache.jasper.servlet.TldScanner.scanJars At least one JAR was scanned for TLDs yet contained no TLDs. Enable debug logging for this logger for a complete list of JARs that were scanned but no TLDs were found in them. Skipping unneeded JARs during scanning can improve startup time and JSP compilation time.
08-Sep-2023 16:31:27.296 INFO [localhost-startStop-1] org.apache.catalina.startup.HostConfig.deployDirectory Deployment of web application directory /root/sumauma-siprec-server/webapps/ROOT has finished in 396 ms
08-Sep-2023 16:31:27.385 INFO [localhost-startStop-1] org.apache.catalina.startup.HostConfig.deployDirectory Deploying web application directory /root/sumauma-siprec-server/webapps/docs
08-Sep-2023 16:31:27.737 INFO [localhost-startStop-1] org.apache.jasper.servlet.TldScanner.scanJars At least one JAR was scanned for TLDs yet contained no TLDs. Enable debug logging for this logger for a complete list of JARs that were scanned but no TLDs were found in them. Skipping unneeded JARs during scanning can improve startup time and JSP compilation time.
08-Sep-2023 16:31:27.750 INFO [localhost-startStop-1] org.apache.catalina.startup.HostConfig.deployDirectory Deployment of web application directory /root/sumauma-siprec-server/webapps/docs has finished in 365 ms
08-Sep-2023 16:31:28.015 INFO [localhost-startStop-1] org.apache.catalina.startup.HostConfig.deployDirectory Deploying web application directory /root/sumauma-siprec-server/webapps/examples
08-Sep-2023 16:31:29.439 INFO [localhost-startStop-1] org.apache.jasper.servlet.TldScanner.scanJars At least one JAR was scanned for TLDs yet contained no TLDs. Enable debug logging for this logger for a complete list of JARs that were scanned but no TLDs were found in them. Skipping unneeded JARs during scanning can improve startup time and JSP compilation time.
08-Sep-2023 16:31:29.466 INFO [localhost-startStop-1] org.apache.catalina.core.ApplicationContext.log ContextListener: contextInitialized()
08-Sep-2023 16:31:29.466 INFO [localhost-startStop-1] org.apache.catalina.core.ApplicationContext.log SessionListener: contextInitialized()
08-Sep-2023 16:31:29.471 INFO [localhost-startStop-1] org.apache.catalina.startup.HostConfig.deployDirectory Deployment of web application directory /root/sumauma-siprec-server/webapps/examples has finished in 1,456 ms
08-Sep-2023 16:31:29.474 INFO [localhost-startStop-1] org.apache.catalina.startup.HostConfig.deployDirectory Deploying web application directory /root/sumauma-siprec-server/webapps/host-manager
08-Sep-2023 16:31:29.644 INFO [localhost-startStop-1] org.apache.jasper.servlet.TldScanner.scanJars At least one JAR was scanned for TLDs yet contained no TLDs. Enable debug logging for this logger for a complete list of JARs that were scanned but no TLDs were found in them. Skipping unneeded JARs during scanning can improve startup time and JSP compilation time.
08-Sep-2023 16:31:29.646 INFO [localhost-startStop-1] org.apache.catalina.startup.HostConfig.deployDirectory Deployment of web application directory /root/sumauma-siprec-server/webapps/host-manager has finished in 172 ms
08-Sep-2023 16:31:29.647 INFO [localhost-startStop-1] org.apache.catalina.startup.HostConfig.deployDirectory Deploying web application directory /root/sumauma-siprec-server/webapps/manager
08-Sep-2023 16:31:29.850 INFO [localhost-startStop-1] org.apache.jasper.servlet.TldScanner.scanJars At least one JAR was scanned for TLDs yet contained no TLDs. Enable debug logging for this logger for a complete list of JARs that were scanned but no TLDs were found in them. Skipping unneeded JARs during scanning can improve startup time and JSP compilation time.
08-Sep-2023 16:31:29.852 INFO [localhost-startStop-1] org.apache.catalina.startup.HostConfig.deployDirectory Deployment of web application directory /root/sumauma-siprec-server/webapps/manager has finished in 204 ms
08-Sep-2023 16:31:29.860 INFO [main] org.apache.coyote.AbstractProtocol.start Starting ProtocolHandler ["http-nio-8080"]
08-Sep-2023 16:31:29.867 INFO [main] org.apache.coyote.AbstractProtocol.start Starting ProtocolHandler ["ajp-nio-8009"]
08-Sep-2023 16:31:30.093 INFO [main] org.apache.catalina.startup.Catalina.start Server startup in 11542 ms
08-Sep-2023 17:16:38.229 INFO [main] org.apache.catalina.core.StandardServer.await A valid shutdown command was received via the shutdown port. Stopping the Server instance.
08-Sep-2023 17:16:38.229 INFO [main] org.apache.coyote.AbstractProtocol.pause Pausing ProtocolHandler ["http-nio-8080"]
08-Sep-2023 17:16:38.280 INFO [main] org.apache.coyote.AbstractProtocol.pause Pausing ProtocolHandler ["ajp-nio-8009"]
08-Sep-2023 17:16:38.331 INFO [main] org.apache.catalina.core.StandardService.stopInternal Stopping service Sip-Servlets
08-Sep-2023 17:16:38.336 INFO [localhost-startStop-2] org.apache.catalina.core.StandardWrapper.unload Waiting for 1 instance(s) to be deallocated for Servlet [WebSocketB2BUASipServlet]
08-Sep-2023 17:16:39.338 INFO [localhost-startStop-2] org.apache.catalina.core.StandardWrapper.unload Waiting for 1 instance(s) to be deallocated for Servlet [WebSocketB2BUASipServlet]
08-Sep-2023 17:16:40.340 INFO [localhost-startStop-2] org.apache.catalina.core.StandardWrapper.unload Waiting for 1 instance(s) to be deallocated for Servlet [WebSocketB2BUASipServlet]
08-Sep-2023 17:16:40.471 INFO [localhost-startStop-2] org.apache.catalina.core.StandardWrapper.unload Waiting for 2 instance(s) to be deallocated for Servlet [SipRecServlet]
08-Sep-2023 17:16:41.473 INFO [localhost-startStop-2] org.apache.catalina.core.StandardWrapper.unload Waiting for 2 instance(s) to be deallocated for Servlet [SipRecServlet]
08-Sep-2023 17:16:42.475 INFO [localhost-startStop-2] org.apache.catalina.core.StandardWrapper.unload Waiting for 2 instance(s) to be deallocated for Servlet [SipRecServlet]
08-Sep-2023 17:16:42.592 WARNING [localhost-startStop-2] org.apache.catalina.loader.WebappClassLoaderBase.clearReferencesJdbc The web application [orktrack] registered the JDBC driver [com.mysql.jdbc.Driver] but failed to unregister it when the web application was stopped. To prevent a memory leak, the JDBC Driver has been forcibly unregistered.
08-Sep-2023 17:16:42.593 WARNING [localhost-startStop-2] org.apache.catalina.loader.WebappClassLoaderBase.clearReferencesThreads The web application [orktrack] appears to have started a thread named [Abandoned connection cleanup thread] but has failed to stop it. This is very likely to create a memory leak. Stack trace of thread:
 java.lang.Object.wait(Native Method)
 java.lang.ref.ReferenceQueue.remove(ReferenceQueue.java:144)
 com.mysql.jdbc.AbandonedConnectionCleanupThread.run(AbandonedConnectionCleanupThread.java:64)
 java.util.concurrent.ThreadPoolExecutor.runWorker(ThreadPoolExecutor.java:1149)
 java.util.concurrent.ThreadPoolExecutor$Worker.run(ThreadPoolExecutor.java:624)
 java.lang.Thread.run(Thread.java:748)
08-Sep-2023 17:16:42.608 INFO [localhost-startStop-2] org.apache.catalina.core.ApplicationContext.log SessionListener: contextDestroyed()
08-Sep-2023 17:16:42.609 INFO [localhost-startStop-2] org.apache.catalina.core.ApplicationContext.log ContextListener: contextDestroyed()
08-Sep-2023 17:16:42.638 INFO [main] org.apache.coyote.AbstractProtocol.stop Stopping ProtocolHandler ["http-nio-8080"]
08-Sep-2023 17:16:42.725 INFO [main] org.apache.coyote.AbstractProtocol.stop Stopping ProtocolHandler ["ajp-nio-8009"]
08-Sep-2023 17:17:00.471 INFO [main] org.apache.catalina.startup.VersionLoggerListener.log Server version:        Apache Tomcat/8.0.26
08-Sep-2023 17:17:00.665 INFO [main] org.apache.catalina.startup.VersionLoggerListener.log Server built:          Aug 18 2015 11:38:37 UTC
08-Sep-2023 17:17:00.666 INFO [main] org.apache.catalina.startup.VersionLoggerListener.log Server number:         8.0.26.0
08-Sep-2023 17:17:00.667 INFO [main] org.apache.catalina.startup.VersionLoggerListener.log OS Name:               Linux
08-Sep-2023 17:17:00.668 INFO [main] org.apache.catalina.startup.VersionLoggerListener.log OS Version:            4.18.0-383.el8.x86_64
08-Sep-2023 17:17:00.679 INFO [main] org.apache.catalina.startup.VersionLoggerListener.log Architecture:          amd64
08-Sep-2023 17:17:00.680 INFO [main] org.apache.catalina.startup.VersionLoggerListener.log Java Home:             /usr/java/jdk1.8.0_202-amd64/jre
08-Sep-2023 17:17:00.680 INFO [main] org.apache.catalina.startup.VersionLoggerListener.log JVM Version:           1.8.0_202-b08
08-Sep-2023 17:17:00.681 INFO [main] org.apache.catalina.startup.VersionLoggerListener.log JVM Vendor:            Oracle Corporation
08-Sep-2023 17:17:00.682 INFO [main] org.apache.catalina.startup.VersionLoggerListener.log CATALINA_BASE:         /root/sumauma-siprec-server
08-Sep-2023 17:17:00.682 INFO [main] org.apache.catalina.startup.VersionLoggerListener.log CATALINA_HOME:         /root/sumauma-siprec-server
08-Sep-2023 17:17:00.683 INFO [main] org.apache.catalina.startup.VersionLoggerListener.log Command line argument: -Djava.util.logging.config.file=/root/sumauma-siprec-server/conf/logging.properties
08-Sep-2023 17:17:00.684 INFO [main] org.apache.catalina.startup.VersionLoggerListener.log Command line argument: -Djava.util.logging.manager=org.apache.juli.ClassLoaderLogManager
08-Sep-2023 17:17:00.685 INFO [main] org.apache.catalina.startup.VersionLoggerListener.log Command line argument: -Djava.endorsed.dirs=/root/sumauma-siprec-server/endorsed
08-Sep-2023 17:17:00.685 INFO [main] org.apache.catalina.startup.VersionLoggerListener.log Command line argument: -Dcatalina.base=/root/sumauma-siprec-server
08-Sep-2023 17:17:00.686 INFO [main] org.apache.catalina.startup.VersionLoggerListener.log Command line argument: -Dcatalina.home=/root/sumauma-siprec-server
08-Sep-2023 17:17:00.686 INFO [main] org.apache.catalina.startup.VersionLoggerListener.log Command line argument: -Djava.io.tmpdir=/root/sumauma-siprec-server/temp
08-Sep-2023 17:17:00.687 INFO [main] org.apache.catalina.core.AprLifecycleListener.lifecycleEvent The APR based Apache Tomcat Native library which allows optimal performance in production environments was not found on the java.library.path: /usr/java/packages/lib/amd64:/usr/lib64:/lib64:/lib:/usr/lib
08-Sep-2023 17:17:02.971 INFO [main] org.apache.coyote.AbstractProtocol.init Initializing ProtocolHandler ["http-nio-8080"]
08-Sep-2023 17:17:03.128 INFO [main] org.apache.tomcat.util.net.NioSelectorPool.getSharedSelector Using a shared selector for servlet write/read
08-Sep-2023 17:17:03.149 INFO [main] org.apache.coyote.AbstractProtocol.init Initializing ProtocolHandler ["ajp-nio-8009"]
08-Sep-2023 17:17:03.150 INFO [main] org.apache.tomcat.util.net.NioSelectorPool.getSharedSelector Using a shared selector for servlet write/read
08-Sep-2023 17:17:03.879 INFO [main] org.apache.catalina.startup.Catalina.load Initialization processed in 5310 ms
08-Sep-2023 17:17:03.973 INFO [main] org.apache.catalina.core.StandardService.startInternal Starting service Sip-Servlets
08-Sep-2023 17:17:03.974 INFO [main] org.apache.catalina.core.StandardEngine.startInternal Starting Servlet Engine: Apache Tomcat/8.0.26
08-Sep-2023 17:17:04.248 INFO [localhost-startStop-1] org.apache.catalina.startup.HostConfig.deployWAR Deploying web application archive /root/sumauma-siprec-server/webapps/websockets-sip-servlet.war
08-Sep-2023 17:17:04.535 INFO [localhost-startStop-1] org.apache.catalina.util.LifecycleBase.start The start() method was called on component [org.apache.catalina.deploy.NamingResourcesImpl@38e2da3e] after start() had already been called. The second call will be ignored.
08-Sep-2023 17:17:04.732 INFO [localhost-startStop-1] org.apache.catalina.util.LifecycleBase.start The start() method was called on component [org.apache.catalina.deploy.NamingResourcesImpl@38e2da3e] after start() had already been called. The second call will be ignored.
08-Sep-2023 17:17:04.764 INFO [localhost-startStop-1] org.apache.catalina.util.LifecycleBase.start The start() method was called on component [WebappLoader[/websockets-sip-servlet]] after start() had already been called. The second call will be ignored.
08-Sep-2023 17:17:06.105 INFO [localhost-startStop-1] org.apache.jasper.servlet.TldScanner.scanJars At least one JAR was scanned for TLDs yet contained no TLDs. Enable debug logging for this logger for a complete list of JARs that were scanned but no TLDs were found in them. Skipping unneeded JARs during scanning can improve startup time and JSP compilation time.
08-Sep-2023 17:17:06.317 INFO [localhost-startStop-1] org.apache.catalina.startup.HostConfig.deployWAR Deployment of web application archive /root/sumauma-siprec-server/webapps/websockets-sip-servlet.war has finished in 2,056 ms
08-Sep-2023 17:17:06.360 INFO [localhost-startStop-1] org.apache.catalina.startup.HostConfig.deployWAR Deploying web application archive /root/sumauma-siprec-server/webapps/orktrack.war
08-Sep-2023 17:17:06.403 INFO [localhost-startStop-1] org.apache.catalina.util.LifecycleBase.start The start() method was called on component [org.apache.catalina.deploy.NamingResourcesImpl@48649e34] after start() had already been called. The second call will be ignored.
08-Sep-2023 17:17:06.578 INFO [localhost-startStop-1] org.apache.catalina.util.LifecycleBase.start The start() method was called on component [org.apache.catalina.deploy.NamingResourcesImpl@48649e34] after start() had already been called. The second call will be ignored.
08-Sep-2023 17:17:06.579 INFO [localhost-startStop-1] org.apache.catalina.util.LifecycleBase.start The start() method was called on component [WebappLoader[/orktrack]] after start() had already been called. The second call will be ignored.
08-Sep-2023 17:17:11.222 INFO [localhost-startStop-1] org.apache.jasper.servlet.TldScanner.scanJars At least one JAR was scanned for TLDs yet contained no TLDs. Enable debug logging for this logger for a complete list of JARs that were scanned but no TLDs were found in them. Skipping unneeded JARs during scanning can improve startup time and JSP compilation time.
08-Sep-2023 17:17:11.818 INFO [localhost-startStop-1] org.apache.catalina.startup.HostConfig.deployWAR Deployment of web application archive /root/sumauma-siprec-server/webapps/orktrack.war has finished in 5,458 ms
08-Sep-2023 17:17:11.840 INFO [localhost-startStop-1] org.apache.catalina.startup.HostConfig.deployWAR Deploying web application archive /root/sumauma-siprec-server/webapps/jolokia.war
08-Sep-2023 17:17:12.353 INFO [localhost-startStop-1] org.apache.jasper.servlet.TldScanner.scanJars At least one JAR was scanned for TLDs yet contained no TLDs. Enable debug logging for this logger for a complete list of JARs that were scanned but no TLDs were found in them. Skipping unneeded JARs during scanning can improve startup time and JSP compilation time.
08-Sep-2023 17:17:12.357 INFO [localhost-startStop-1] org.apache.catalina.core.ApplicationContext.log jolokia-agent: No access restrictor found at classpath:/jolokia-access.xml, access to all MBeans is allowed
08-Sep-2023 17:17:12.490 INFO [localhost-startStop-1] org.apache.catalina.startup.HostConfig.deployWAR Deployment of web application archive /root/sumauma-siprec-server/webapps/jolokia.war has finished in 650 ms
08-Sep-2023 17:17:12.502 INFO [localhost-startStop-1] org.apache.catalina.startup.HostConfig.deployWAR Deploying web application archive /root/sumauma-siprec-server/webapps/sip-servlets-management.war
08-Sep-2023 17:17:12.890 INFO [localhost-startStop-1] org.apache.jasper.servlet.TldScanner.scanJars At least one JAR was scanned for TLDs yet contained no TLDs. Enable debug logging for this logger for a complete list of JARs that were scanned but no TLDs were found in them. Skipping unneeded JARs during scanning can improve startup time and JSP compilation time.
08-Sep-2023 17:17:12.891 INFO [localhost-startStop-1] org.apache.catalina.startup.HostConfig.deployWAR Deployment of web application archive /root/sumauma-siprec-server/webapps/sip-servlets-management.war has finished in 389 ms
08-Sep-2023 17:17:12.925 INFO [localhost-startStop-1] org.apache.catalina.startup.HostConfig.deployDirectory Deploying web application directory /root/sumauma-siprec-server/webapps/ROOT
08-Sep-2023 17:17:13.357 INFO [localhost-startStop-1] org.apache.jasper.servlet.TldScanner.scanJars At least one JAR was scanned for TLDs yet contained no TLDs. Enable debug logging for this logger for a complete list of JARs that were scanned but no TLDs were found in them. Skipping unneeded JARs during scanning can improve startup time and JSP compilation time.
08-Sep-2023 17:17:13.359 INFO [localhost-startStop-1] org.apache.catalina.startup.HostConfig.deployDirectory Deployment of web application directory /root/sumauma-siprec-server/webapps/ROOT has finished in 434 ms
08-Sep-2023 17:17:13.450 INFO [localhost-startStop-1] org.apache.catalina.startup.HostConfig.deployDirectory Deploying web application directory /root/sumauma-siprec-server/webapps/docs
08-Sep-2023 17:17:13.792 INFO [localhost-startStop-1] org.apache.jasper.servlet.TldScanner.scanJars At least one JAR was scanned for TLDs yet contained no TLDs. Enable debug logging for this logger for a complete list of JARs that were scanned but no TLDs were found in them. Skipping unneeded JARs during scanning can improve startup time and JSP compilation time.
08-Sep-2023 17:17:13.794 INFO [localhost-startStop-1] org.apache.catalina.startup.HostConfig.deployDirectory Deployment of web application directory /root/sumauma-siprec-server/webapps/docs has finished in 345 ms
08-Sep-2023 17:17:14.071 INFO [localhost-startStop-1] org.apache.catalina.startup.HostConfig.deployDirectory Deploying web application directory /root/sumauma-siprec-server/webapps/examples
08-Sep-2023 17:17:15.419 INFO [localhost-startStop-1] org.apache.jasper.servlet.TldScanner.scanJars At least one JAR was scanned for TLDs yet contained no TLDs. Enable debug logging for this logger for a complete list of JARs that were scanned but no TLDs were found in them. Skipping unneeded JARs during scanning can improve startup time and JSP compilation time.
08-Sep-2023 17:17:15.463 INFO [localhost-startStop-1] org.apache.catalina.core.ApplicationContext.log ContextListener: contextInitialized()
08-Sep-2023 17:17:15.464 INFO [localhost-startStop-1] org.apache.catalina.core.ApplicationContext.log SessionListener: contextInitialized()
08-Sep-2023 17:17:15.468 INFO [localhost-startStop-1] org.apache.catalina.startup.HostConfig.deployDirectory Deployment of web application directory /root/sumauma-siprec-server/webapps/examples has finished in 1,397 ms
08-Sep-2023 17:17:15.469 INFO [localhost-startStop-1] org.apache.catalina.startup.HostConfig.deployDirectory Deploying web application directory /root/sumauma-siprec-server/webapps/host-manager
08-Sep-2023 17:17:15.725 INFO [localhost-startStop-1] org.apache.jasper.servlet.TldScanner.scanJars At least one JAR was scanned for TLDs yet contained no TLDs. Enable debug logging for this logger for a complete list of JARs that were scanned but no TLDs were found in them. Skipping unneeded JARs during scanning can improve startup time and JSP compilation time.
08-Sep-2023 17:17:15.727 INFO [localhost-startStop-1] org.apache.catalina.startup.HostConfig.deployDirectory Deployment of web application directory /root/sumauma-siprec-server/webapps/host-manager has finished in 258 ms
08-Sep-2023 17:17:15.728 INFO [localhost-startStop-1] org.apache.catalina.startup.HostConfig.deployDirectory Deploying web application directory /root/sumauma-siprec-server/webapps/manager
08-Sep-2023 17:17:15.895 INFO [localhost-startStop-1] org.apache.jasper.servlet.TldScanner.scanJars At least one JAR was scanned for TLDs yet contained no TLDs. Enable debug logging for this logger for a complete list of JARs that were scanned but no TLDs were found in them. Skipping unneeded JARs during scanning can improve startup time and JSP compilation time.
08-Sep-2023 17:17:15.896 INFO [localhost-startStop-1] org.apache.catalina.startup.HostConfig.deployDirectory Deployment of web application directory /root/sumauma-siprec-server/webapps/manager has finished in 168 ms
08-Sep-2023 17:17:15.906 INFO [main] org.apache.coyote.AbstractProtocol.start Starting ProtocolHandler ["http-nio-8080"]
08-Sep-2023 17:17:15.975 INFO [main] org.apache.coyote.AbstractProtocol.start Starting ProtocolHandler ["ajp-nio-8009"]
08-Sep-2023 17:17:16.252 INFO [main] org.apache.catalina.startup.Catalina.start Server startup in 12368 ms
08-Sep-2023 17:27:39.688 INFO [main] org.apache.catalina.core.StandardServer.await A valid shutdown command was received via the shutdown port. Stopping the Server instance.
08-Sep-2023 17:27:39.689 INFO [main] org.apache.coyote.AbstractProtocol.pause Pausing ProtocolHandler ["http-nio-8080"]
08-Sep-2023 17:27:39.740 INFO [main] org.apache.coyote.AbstractProtocol.pause Pausing ProtocolHandler ["ajp-nio-8009"]
08-Sep-2023 17:27:39.790 INFO [main] org.apache.catalina.core.StandardService.stopInternal Stopping service Sip-Servlets
08-Sep-2023 17:27:39.799 INFO [localhost-startStop-2] org.apache.catalina.core.StandardWrapper.unload Waiting for 1 instance(s) to be deallocated for Servlet [WebSocketB2BUASipServlet]
08-Sep-2023 17:27:40.801 INFO [localhost-startStop-2] org.apache.catalina.core.StandardWrapper.unload Waiting for 1 instance(s) to be deallocated for Servlet [WebSocketB2BUASipServlet]
08-Sep-2023 17:27:41.803 INFO [localhost-startStop-2] org.apache.catalina.core.StandardWrapper.unload Waiting for 1 instance(s) to be deallocated for Servlet [WebSocketB2BUASipServlet]
08-Sep-2023 17:27:41.932 INFO [localhost-startStop-2] org.apache.catalina.core.StandardWrapper.unload Waiting for 2 instance(s) to be deallocated for Servlet [SipRecServlet]
08-Sep-2023 17:27:42.933 INFO [localhost-startStop-2] org.apache.catalina.core.StandardWrapper.unload Waiting for 2 instance(s) to be deallocated for Servlet [SipRecServlet]
08-Sep-2023 17:27:43.935 INFO [localhost-startStop-2] org.apache.catalina.core.StandardWrapper.unload Waiting for 2 instance(s) to be deallocated for Servlet [SipRecServlet]
08-Sep-2023 17:27:44.045 WARNING [localhost-startStop-2] org.apache.catalina.loader.WebappClassLoaderBase.clearReferencesJdbc The web application [orktrack] registered the JDBC driver [com.mysql.jdbc.Driver] but failed to unregister it when the web application was stopped. To prevent a memory leak, the JDBC Driver has been forcibly unregistered.
08-Sep-2023 17:27:44.048 WARNING [localhost-startStop-2] org.apache.catalina.loader.WebappClassLoaderBase.clearReferencesThreads The web application [orktrack] appears to have started a thread named [Abandoned connection cleanup thread] but has failed to stop it. This is very likely to create a memory leak. Stack trace of thread:
 java.lang.Object.wait(Native Method)
 java.lang.ref.ReferenceQueue.remove(ReferenceQueue.java:144)
 com.mysql.jdbc.AbandonedConnectionCleanupThread.run(AbandonedConnectionCleanupThread.java:64)
 java.util.concurrent.ThreadPoolExecutor.runWorker(ThreadPoolExecutor.java:1149)
 java.util.concurrent.ThreadPoolExecutor$Worker.run(ThreadPoolExecutor.java:624)
 java.lang.Thread.run(Thread.java:748)
08-Sep-2023 17:27:44.061 INFO [localhost-startStop-2] org.apache.catalina.core.ApplicationContext.log SessionListener: contextDestroyed()
08-Sep-2023 17:27:44.061 INFO [localhost-startStop-2] org.apache.catalina.core.ApplicationContext.log ContextListener: contextDestroyed()
08-Sep-2023 17:27:44.092 INFO [main] org.apache.coyote.AbstractProtocol.stop Stopping ProtocolHandler ["http-nio-8080"]
08-Sep-2023 17:27:44.179 INFO [main] org.apache.coyote.AbstractProtocol.stop Stopping ProtocolHandler ["ajp-nio-8009"]
08-Sep-2023 17:27:47.809 INFO [Abandoned connection cleanup thread] org.apache.catalina.loader.WebappClassLoaderBase.checkStateForResourceLoading Illegal access: this web application instance has been stopped already. Could not load []. The following stack trace is thrown for debugging purposes as well as to attempt to terminate the thread which caused the illegal access.
 java.lang.IllegalStateException: Illegal access: this web application instance has been stopped already. Could not load []. The following stack trace is thrown for debugging purposes as well as to attempt to terminate the thread which caused the illegal access.
	at org.apache.catalina.loader.WebappClassLoaderBase.checkStateForResourceLoading(WebappClassLoaderBase.java:1354)
	at org.apache.catalina.loader.WebappClassLoaderBase.getResource(WebappClassLoaderBase.java:1028)
	at com.mysql.jdbc.AbandonedConnectionCleanupThread.checkContextClassLoaders(AbandonedConnectionCleanupThread.java:90)
	at com.mysql.jdbc.AbandonedConnectionCleanupThread.run(AbandonedConnectionCleanupThread.java:63)
	at java.util.concurrent.ThreadPoolExecutor.runWorker(ThreadPoolExecutor.java:1149)
	at java.util.concurrent.ThreadPoolExecutor$Worker.run(ThreadPoolExecutor.java:624)
	at java.lang.Thread.run(Thread.java:748)

08-Sep-2023 17:28:09.827 INFO [main] org.apache.catalina.startup.VersionLoggerListener.log Server version:        Apache Tomcat/8.0.26
08-Sep-2023 17:28:09.953 INFO [main] org.apache.catalina.startup.VersionLoggerListener.log Server built:          Aug 18 2015 11:38:37 UTC
08-Sep-2023 17:28:09.954 INFO [main] org.apache.catalina.startup.VersionLoggerListener.log Server number:         8.0.26.0
08-Sep-2023 17:28:09.955 INFO [main] org.apache.catalina.startup.VersionLoggerListener.log OS Name:               Linux
08-Sep-2023 17:28:09.956 INFO [main] org.apache.catalina.startup.VersionLoggerListener.log OS Version:            4.18.0-383.el8.x86_64
08-Sep-2023 17:28:09.957 INFO [main] org.apache.catalina.startup.VersionLoggerListener.log Architecture:          amd64
08-Sep-2023 17:28:09.957 INFO [main] org.apache.catalina.startup.VersionLoggerListener.log Java Home:             /usr/java/jdk1.8.0_202-amd64/jre
08-Sep-2023 17:28:09.958 INFO [main] org.apache.catalina.startup.VersionLoggerListener.log JVM Version:           1.8.0_202-b08
08-Sep-2023 17:28:09.959 INFO [main] org.apache.catalina.startup.VersionLoggerListener.log JVM Vendor:            Oracle Corporation
08-Sep-2023 17:28:09.960 INFO [main] org.apache.catalina.startup.VersionLoggerListener.log CATALINA_BASE:         /root/sumauma-siprec-server
08-Sep-2023 17:28:09.960 INFO [main] org.apache.catalina.startup.VersionLoggerListener.log CATALINA_HOME:         /root/sumauma-siprec-server
08-Sep-2023 17:28:09.961 INFO [main] org.apache.catalina.startup.VersionLoggerListener.log Command line argument: -Djava.util.logging.config.file=/root/sumauma-siprec-server/conf/logging.properties
08-Sep-2023 17:28:09.962 INFO [main] org.apache.catalina.startup.VersionLoggerListener.log Command line argument: -Djava.util.logging.manager=org.apache.juli.ClassLoaderLogManager
08-Sep-2023 17:28:09.963 INFO [main] org.apache.catalina.startup.VersionLoggerListener.log Command line argument: -Djava.endorsed.dirs=/root/sumauma-siprec-server/endorsed
08-Sep-2023 17:28:09.963 INFO [main] org.apache.catalina.startup.VersionLoggerListener.log Command line argument: -Dcatalina.base=/root/sumauma-siprec-server
08-Sep-2023 17:28:09.965 INFO [main] org.apache.catalina.startup.VersionLoggerListener.log Command line argument: -Dcatalina.home=/root/sumauma-siprec-server
08-Sep-2023 17:28:09.965 INFO [main] org.apache.catalina.startup.VersionLoggerListener.log Command line argument: -Djava.io.tmpdir=/root/sumauma-siprec-server/temp
08-Sep-2023 17:28:09.966 INFO [main] org.apache.catalina.core.AprLifecycleListener.lifecycleEvent The APR based Apache Tomcat Native library which allows optimal performance in production environments was not found on the java.library.path: /usr/java/packages/lib/amd64:/usr/lib64:/lib64:/lib:/usr/lib
08-Sep-2023 17:28:12.014 INFO [main] org.apache.coyote.AbstractProtocol.init Initializing ProtocolHandler ["http-nio-8080"]
08-Sep-2023 17:28:12.142 INFO [main] org.apache.tomcat.util.net.NioSelectorPool.getSharedSelector Using a shared selector for servlet write/read
08-Sep-2023 17:28:12.167 INFO [main] org.apache.coyote.AbstractProtocol.init Initializing ProtocolHandler ["ajp-nio-8009"]
08-Sep-2023 17:28:12.168 INFO [main] org.apache.tomcat.util.net.NioSelectorPool.getSharedSelector Using a shared selector for servlet write/read
08-Sep-2023 17:28:12.749 INFO [main] org.apache.catalina.startup.Catalina.load Initialization processed in 6265 ms
08-Sep-2023 17:28:12.897 INFO [main] org.apache.catalina.core.StandardService.startInternal Starting service Sip-Servlets
08-Sep-2023 17:28:12.898 INFO [main] org.apache.catalina.core.StandardEngine.startInternal Starting Servlet Engine: Apache Tomcat/8.0.26
08-Sep-2023 17:28:13.292 INFO [localhost-startStop-1] org.apache.catalina.startup.HostConfig.deployWAR Deploying web application archive /root/sumauma-siprec-server/webapps/websockets-sip-servlet.war
08-Sep-2023 17:28:13.587 INFO [localhost-startStop-1] org.apache.catalina.util.LifecycleBase.start The start() method was called on component [org.apache.catalina.deploy.NamingResourcesImpl@63734815] after start() had already been called. The second call will be ignored.
08-Sep-2023 17:28:13.741 INFO [localhost-startStop-1] org.apache.catalina.util.LifecycleBase.start The start() method was called on component [org.apache.catalina.deploy.NamingResourcesImpl@63734815] after start() had already been called. The second call will be ignored.
08-Sep-2023 17:28:13.742 INFO [localhost-startStop-1] org.apache.catalina.util.LifecycleBase.start The start() method was called on component [WebappLoader[/websockets-sip-servlet]] after start() had already been called. The second call will be ignored.
08-Sep-2023 17:28:15.007 INFO [localhost-startStop-1] org.apache.jasper.servlet.TldScanner.scanJars At least one JAR was scanned for TLDs yet contained no TLDs. Enable debug logging for this logger for a complete list of JARs that were scanned but no TLDs were found in them. Skipping unneeded JARs during scanning can improve startup time and JSP compilation time.
08-Sep-2023 17:28:15.308 INFO [localhost-startStop-1] org.apache.catalina.startup.HostConfig.deployWAR Deployment of web application archive /root/sumauma-siprec-server/webapps/websockets-sip-servlet.war has finished in 2,004 ms
08-Sep-2023 17:28:15.338 INFO [localhost-startStop-1] org.apache.catalina.startup.HostConfig.deployWAR Deploying web application archive /root/sumauma-siprec-server/webapps/orktrack.war
08-Sep-2023 17:28:15.395 INFO [localhost-startStop-1] org.apache.catalina.util.LifecycleBase.start The start() method was called on component [org.apache.catalina.deploy.NamingResourcesImpl@72989f19] after start() had already been called. The second call will be ignored.
08-Sep-2023 17:28:15.697 INFO [localhost-startStop-1] org.apache.catalina.util.LifecycleBase.start The start() method was called on component [org.apache.catalina.deploy.NamingResourcesImpl@72989f19] after start() had already been called. The second call will be ignored.
08-Sep-2023 17:28:15.698 INFO [localhost-startStop-1] org.apache.catalina.util.LifecycleBase.start The start() method was called on component [WebappLoader[/orktrack]] after start() had already been called. The second call will be ignored.
08-Sep-2023 17:28:20.233 INFO [localhost-startStop-1] org.apache.jasper.servlet.TldScanner.scanJars At least one JAR was scanned for TLDs yet contained no TLDs. Enable debug logging for this logger for a complete list of JARs that were scanned but no TLDs were found in them. Skipping unneeded JARs during scanning can improve startup time and JSP compilation time.
08-Sep-2023 17:28:20.802 INFO [localhost-startStop-1] org.apache.catalina.startup.HostConfig.deployWAR Deployment of web application archive /root/sumauma-siprec-server/webapps/orktrack.war has finished in 5,463 ms
08-Sep-2023 17:28:20.814 INFO [localhost-startStop-1] org.apache.catalina.startup.HostConfig.deployWAR Deploying web application archive /root/sumauma-siprec-server/webapps/jolokia.war
08-Sep-2023 17:28:21.429 INFO [localhost-startStop-1] org.apache.jasper.servlet.TldScanner.scanJars At least one JAR was scanned for TLDs yet contained no TLDs. Enable debug logging for this logger for a complete list of JARs that were scanned but no TLDs were found in them. Skipping unneeded JARs during scanning can improve startup time and JSP compilation time.
08-Sep-2023 17:28:21.445 INFO [localhost-startStop-1] org.apache.catalina.core.ApplicationContext.log jolokia-agent: No access restrictor found at classpath:/jolokia-access.xml, access to all MBeans is allowed
08-Sep-2023 17:28:21.586 INFO [localhost-startStop-1] org.apache.catalina.startup.HostConfig.deployWAR Deployment of web application archive /root/sumauma-siprec-server/webapps/jolokia.war has finished in 772 ms
08-Sep-2023 17:28:21.587 INFO [localhost-startStop-1] org.apache.catalina.startup.HostConfig.deployWAR Deploying web application archive /root/sumauma-siprec-server/webapps/sip-servlets-management.war
08-Sep-2023 17:28:21.858 INFO [localhost-startStop-1] org.apache.jasper.servlet.TldScanner.scanJars At least one JAR was scanned for TLDs yet contained no TLDs. Enable debug logging for this logger for a complete list of JARs that were scanned but no TLDs were found in them. Skipping unneeded JARs during scanning can improve startup time and JSP compilation time.
08-Sep-2023 17:28:21.860 INFO [localhost-startStop-1] org.apache.catalina.startup.HostConfig.deployWAR Deployment of web application archive /root/sumauma-siprec-server/webapps/sip-servlets-management.war has finished in 274 ms
08-Sep-2023 17:28:21.895 INFO [localhost-startStop-1] org.apache.catalina.startup.HostConfig.deployDirectory Deploying web application directory /root/sumauma-siprec-server/webapps/ROOT
08-Sep-2023 17:28:22.280 INFO [localhost-startStop-1] org.apache.jasper.servlet.TldScanner.scanJars At least one JAR was scanned for TLDs yet contained no TLDs. Enable debug logging for this logger for a complete list of JARs that were scanned but no TLDs were found in them. Skipping unneeded JARs during scanning can improve startup time and JSP compilation time.
08-Sep-2023 17:28:22.321 INFO [localhost-startStop-1] org.apache.catalina.startup.HostConfig.deployDirectory Deployment of web application directory /root/sumauma-siprec-server/webapps/ROOT has finished in 426 ms
08-Sep-2023 17:28:22.414 INFO [localhost-startStop-1] org.apache.catalina.startup.HostConfig.deployDirectory Deploying web application directory /root/sumauma-siprec-server/webapps/docs
08-Sep-2023 17:28:22.734 INFO [localhost-startStop-1] org.apache.jasper.servlet.TldScanner.scanJars At least one JAR was scanned for TLDs yet contained no TLDs. Enable debug logging for this logger for a complete list of JARs that were scanned but no TLDs were found in them. Skipping unneeded JARs during scanning can improve startup time and JSP compilation time.
08-Sep-2023 17:28:22.735 INFO [localhost-startStop-1] org.apache.catalina.startup.HostConfig.deployDirectory Deployment of web application directory /root/sumauma-siprec-server/webapps/docs has finished in 321 ms
08-Sep-2023 17:28:22.755 INFO [localhost-startStop-1] org.apache.catalina.startup.HostConfig.deployDirectory Deploying web application directory /root/sumauma-siprec-server/webapps/examples
08-Sep-2023 17:28:23.115 INFO [localhost-startStop-1] org.apache.jasper.servlet.TldScanner.scanJars At least one JAR was scanned for TLDs yet contained no TLDs. Enable debug logging for this logger for a complete list of JARs that were scanned but no TLDs were found in them. Skipping unneeded JARs during scanning can improve startup time and JSP compilation time.
08-Sep-2023 17:28:23.139 INFO [localhost-startStop-1] org.apache.catalina.core.ApplicationContext.log ContextListener: contextInitialized()
08-Sep-2023 17:28:23.141 INFO [localhost-startStop-1] org.apache.catalina.core.ApplicationContext.log SessionListener: contextInitialized()
08-Sep-2023 17:28:23.146 INFO [localhost-startStop-1] org.apache.catalina.startup.HostConfig.deployDirectory Deployment of web application directory /root/sumauma-siprec-server/webapps/examples has finished in 391 ms
08-Sep-2023 17:28:23.146 INFO [localhost-startStop-1] org.apache.catalina.startup.HostConfig.deployDirectory Deploying web application directory /root/sumauma-siprec-server/webapps/host-manager
08-Sep-2023 17:28:23.317 INFO [localhost-startStop-1] org.apache.jasper.servlet.TldScanner.scanJars At least one JAR was scanned for TLDs yet contained no TLDs. Enable debug logging for this logger for a complete list of JARs that were scanned but no TLDs were found in them. Skipping unneeded JARs during scanning can improve startup time and JSP compilation time.
08-Sep-2023 17:28:23.319 INFO [localhost-startStop-1] org.apache.catalina.startup.HostConfig.deployDirectory Deployment of web application directory /root/sumauma-siprec-server/webapps/host-manager has finished in 173 ms
08-Sep-2023 17:28:23.319 INFO [localhost-startStop-1] org.apache.catalina.startup.HostConfig.deployDirectory Deploying web application directory /root/sumauma-siprec-server/webapps/manager
08-Sep-2023 17:28:23.493 INFO [localhost-startStop-1] org.apache.jasper.servlet.TldScanner.scanJars At least one JAR was scanned for TLDs yet contained no TLDs. Enable debug logging for this logger for a complete list of JARs that were scanned but no TLDs were found in them. Skipping unneeded JARs during scanning can improve startup time and JSP compilation time.
08-Sep-2023 17:28:23.494 INFO [localhost-startStop-1] org.apache.catalina.startup.HostConfig.deployDirectory Deployment of web application directory /root/sumauma-siprec-server/webapps/manager has finished in 175 ms
08-Sep-2023 17:28:23.506 INFO [main] org.apache.coyote.AbstractProtocol.start Starting ProtocolHandler ["http-nio-8080"]
08-Sep-2023 17:28:23.520 INFO [main] org.apache.coyote.AbstractProtocol.start Starting ProtocolHandler ["ajp-nio-8009"]
08-Sep-2023 17:28:23.807 INFO [main] org.apache.catalina.startup.Catalina.start Server startup in 11054 ms
08-Sep-2023 17:51:35.812 INFO [main] org.apache.catalina.core.StandardServer.await A valid shutdown command was received via the shutdown port. Stopping the Server instance.
08-Sep-2023 17:51:35.812 INFO [main] org.apache.coyote.AbstractProtocol.pause Pausing ProtocolHandler ["http-nio-8080"]
08-Sep-2023 17:51:35.863 INFO [main] org.apache.coyote.AbstractProtocol.pause Pausing ProtocolHandler ["ajp-nio-8009"]
08-Sep-2023 17:51:35.914 INFO [main] org.apache.catalina.core.StandardService.stopInternal Stopping service Sip-Servlets
08-Sep-2023 17:51:35.919 INFO [localhost-startStop-2] org.apache.catalina.core.StandardWrapper.unload Waiting for 1 instance(s) to be deallocated for Servlet [WebSocketB2BUASipServlet]
08-Sep-2023 17:51:36.921 INFO [localhost-startStop-2] org.apache.catalina.core.StandardWrapper.unload Waiting for 1 instance(s) to be deallocated for Servlet [WebSocketB2BUASipServlet]
08-Sep-2023 17:51:37.923 INFO [localhost-startStop-2] org.apache.catalina.core.StandardWrapper.unload Waiting for 1 instance(s) to be deallocated for Servlet [WebSocketB2BUASipServlet]
08-Sep-2023 17:51:38.058 INFO [localhost-startStop-2] org.apache.catalina.core.StandardWrapper.unload Waiting for 2 instance(s) to be deallocated for Servlet [SipRecServlet]
08-Sep-2023 17:51:39.061 INFO [localhost-startStop-2] org.apache.catalina.core.StandardWrapper.unload Waiting for 2 instance(s) to be deallocated for Servlet [SipRecServlet]
08-Sep-2023 17:51:40.063 INFO [localhost-startStop-2] org.apache.catalina.core.StandardWrapper.unload Waiting for 2 instance(s) to be deallocated for Servlet [SipRecServlet]
08-Sep-2023 17:51:40.176 WARNING [localhost-startStop-2] org.apache.catalina.loader.WebappClassLoaderBase.clearReferencesJdbc The web application [orktrack] registered the JDBC driver [com.mysql.jdbc.Driver] but failed to unregister it when the web application was stopped. To prevent a memory leak, the JDBC Driver has been forcibly unregistered.
08-Sep-2023 17:51:40.181 WARNING [localhost-startStop-2] org.apache.catalina.loader.WebappClassLoaderBase.clearReferencesThreads The web application [orktrack] appears to have started a thread named [Abandoned connection cleanup thread] but has failed to stop it. This is very likely to create a memory leak. Stack trace of thread:
 java.lang.Object.wait(Native Method)
 java.lang.ref.ReferenceQueue.remove(ReferenceQueue.java:144)
 com.mysql.jdbc.AbandonedConnectionCleanupThread.run(AbandonedConnectionCleanupThread.java:64)
 java.util.concurrent.ThreadPoolExecutor.runWorker(ThreadPoolExecutor.java:1149)
 java.util.concurrent.ThreadPoolExecutor$Worker.run(ThreadPoolExecutor.java:624)
 java.lang.Thread.run(Thread.java:748)
08-Sep-2023 17:51:40.193 INFO [localhost-startStop-2] org.apache.catalina.core.ApplicationContext.log SessionListener: contextDestroyed()
08-Sep-2023 17:51:40.193 INFO [localhost-startStop-2] org.apache.catalina.core.ApplicationContext.log ContextListener: contextDestroyed()
08-Sep-2023 17:51:40.227 INFO [main] org.apache.coyote.AbstractProtocol.stop Stopping ProtocolHandler ["http-nio-8080"]
08-Sep-2023 17:51:40.275 INFO [main] org.apache.coyote.AbstractProtocol.stop Stopping ProtocolHandler ["ajp-nio-8009"]
08-Sep-2023 17:51:44.109 INFO [Abandoned connection cleanup thread] org.apache.catalina.loader.WebappClassLoaderBase.checkStateForResourceLoading Illegal access: this web application instance has been stopped already. Could not load []. The following stack trace is thrown for debugging purposes as well as to attempt to terminate the thread which caused the illegal access.
 java.lang.IllegalStateException: Illegal access: this web application instance has been stopped already. Could not load []. The following stack trace is thrown for debugging purposes as well as to attempt to terminate the thread which caused the illegal access.
	at org.apache.catalina.loader.WebappClassLoaderBase.checkStateForResourceLoading(WebappClassLoaderBase.java:1354)
	at org.apache.catalina.loader.WebappClassLoaderBase.getResource(WebappClassLoaderBase.java:1028)
	at com.mysql.jdbc.AbandonedConnectionCleanupThread.checkContextClassLoaders(AbandonedConnectionCleanupThread.java:90)
	at com.mysql.jdbc.AbandonedConnectionCleanupThread.run(AbandonedConnectionCleanupThread.java:63)
	at java.util.concurrent.ThreadPoolExecutor.runWorker(ThreadPoolExecutor.java:1149)
	at java.util.concurrent.ThreadPoolExecutor$Worker.run(ThreadPoolExecutor.java:624)
	at java.lang.Thread.run(Thread.java:748)

08-Sep-2023 17:51:52.548 INFO [main] org.restcomm.commons.statistics.sender.RestcommStatsSender.sendStats couldn't send stats data to https://statistics.restcomm.com/rest/ because of Connect to statistics.restcomm.com:443 [statistics.restcomm.com/18.204.201.180] failed: connect timed out, root cause: connect timed out
08-Sep-2023 17:52:02.562 INFO [main] org.restcomm.commons.statistics.sender.RestcommStatsSender.sendStats couldn't send stats data to https://statistics.restcomm.com/rest/ because of Connect to statistics.restcomm.com:443 [statistics.restcomm.com/18.204.201.180] failed: connect timed out, root cause: connect timed out
